LSMTREE >> -------- DISPLAY SKIP LIST --------
LSMTREE >> SkipList max level 0 : 
LSMTREE >> key : -9223372036854775808 value : sentinel maximum level reached : 0
LSMTREE >> key : 14 value : n maximum level reached : 0
LSMTREE >> -----------------------------------
LSMTREE >> -------- DISPLAY SKIP LIST --------
LSMTREE >> SkipList max level 0 : 
LSMTREE >> key : -9223372036854775808 value : sentinel maximum level reached : 0
LSMTREE >> key : 14 value : n maximum level reached : 0
LSMTREE >> key : 36 value : f maximum level reached : 0
LSMTREE >> -----------------------------------
LSMTREE >> -------- DISPLAY SKIP LIST --------
LSMTREE >> SkipList max level 0 : 
LSMTREE >> key : -9223372036854775808 value : sentinel maximum level reached : 0
LSMTREE >> key : 14 value : n maximum level reached : 0
LSMTREE >> key : 36 value : f maximum level reached : 0
LSMTREE >> key : 48 value : r maximum level reached : 4
LSMTREE >> -----------------------------------
LSMTREE >> -------- DISPLAY SKIP LIST --------
LSMTREE >> SkipList max level 0 : 
LSMTREE >> key : -9223372036854775808 value : sentinel maximum level reached : 0
LSMTREE >> key : 14 value : n maximum level reached : 0
LSMTREE >> key : 36 value : f maximum level reached : 0
LSMTREE >> key : 40 value : j maximum level reached : 0
LSMTREE >> key : 48 value : r maximum level reached : 4
LSMTREE >> -----------------------------------
LSMTREE >> -------- DISPLAY SKIP LIST --------
LSMTREE >> SkipList max level 0 : 
LSMTREE >> key : -9223372036854775808 value : sentinel maximum level reached : 0
LSMTREE >> key : 13 value : m maximum level reached : 0
LSMTREE >> key : 14 value : n maximum level reached : 0
LSMTREE >> key : 36 value : f maximum level reached : 0
LSMTREE >> key : 40 value : j maximum level reached : 0
LSMTREE >> key : 48 value : r maximum level reached : 4
LSMTREE >> -----------------------------------
LSMTREE >> -------- DISPLAY SKIP LIST --------
LSMTREE >> SkipList max level 0 : 
LSMTREE >> key : -9223372036854775808 value : sentinel maximum level reached : 0
LSMTREE >> key : 13 value : m maximum level reached : 0
LSMTREE >> key : 14 value : n maximum level reached : 0
LSMTREE >> key : 18 value : r maximum level reached : 2
LSMTREE >> key : 36 value : f maximum level reached : 0
LSMTREE >> key : 40 value : j maximum level reached : 0
LSMTREE >> key : 48 value : r maximum level reached : 4
LSMTREE >> -----------------------------------
LSMTREE >> -------- DISPLAY SKIP LIST --------
LSMTREE >> SkipList max level 0 : 
LSMTREE >> key : -9223372036854775808 value : sentinel maximum level reached : 0
LSMTREE >> key : 13 value : m maximum level reached : 0
LSMTREE >> key : 14 value : n maximum level reached : 0
LSMTREE >> key : 18 value : r maximum level reached : 2
LSMTREE >> key : 25 value : y maximum level reached : 1
LSMTREE >> key : 36 value : f maximum level reached : 0
LSMTREE >> key : 40 value : j maximum level reached : 0
LSMTREE >> key : 48 value : r maximum level reached : 4
LSMTREE >> -----------------------------------
LSMTREE >> -------- DISPLAY SKIP LIST --------
LSMTREE >> SkipList max level 0 : 
LSMTREE >> key : -9223372036854775808 value : sentinel maximum level reached : 0
LSMTREE >> key : 13 value : m maximum level reached : 0
LSMTREE >> key : 14 value : n maximum level reached : 0
LSMTREE >> key : 18 value : r maximum level reached : 2
LSMTREE >> key : 25 value : y maximum level reached : 1
LSMTREE >> key : 26 value : z maximum level reached : 0
LSMTREE >> key : 36 value : f maximum level reached : 0
LSMTREE >> key : 40 value : j maximum level reached : 0
LSMTREE >> key : 48 value : r maximum level reached : 4
LSMTREE >> -----------------------------------
LSMTREE >> -------- DISPLAY SKIP LIST --------
LSMTREE >> SkipList max level 0 : 
LSMTREE >> key : -9223372036854775808 value : sentinel maximum level reached : 0
LSMTREE >> key : 13 value : m maximum level reached : 0
LSMTREE >> key : 14 value : n maximum level reached : 0
LSMTREE >> key : 18 value : r maximum level reached : 2
LSMTREE >> key : 25 value : y maximum level reached : 1
LSMTREE >> key : 26 value : z maximum level reached : 0
LSMTREE >> key : 34 value : d maximum level reached : 0
LSMTREE >> key : 36 value : f maximum level reached : 0
LSMTREE >> key : 40 value : j maximum level reached : 0
LSMTREE >> key : 48 value : r maximum level reached : 4
LSMTREE >> -----------------------------------
LSMTREE >> -------- DISPLAY SKIP LIST --------
LSMTREE >> SkipList max level 0 : 
LSMTREE >> key : -9223372036854775808 value : sentinel maximum level reached : 0
LSMTREE >> key : 13 value : m maximum level reached : 0
LSMTREE >> key : 14 value : n maximum level reached : 0
LSMTREE >> key : 18 value : r maximum level reached : 2
LSMTREE >> key : 25 value : y maximum level reached : 1
LSMTREE >> key : 26 value : z maximum level reached : 0
LSMTREE >> key : 34 value : d maximum level reached : 0
LSMTREE >> key : 36 value : f maximum level reached : 0
LSMTREE >> key : 40 value : j maximum level reached : 0
LSMTREE >> key : 43 value : m maximum level reached : 1
LSMTREE >> key : 48 value : r maximum level reached : 4
LSMTREE >> -----------------------------------
LSMTREE >> ///////////////////////////////////////////////
LSMTREE >> ////////        WRITE PROCESS        /////////
LSMTREE >> ///////////////////////////////////////////////
LSMTREE >> 
LSMTREE >> ------ DATA PARTITION -------
LSMTREE >> 
LSMTREE >> data partition => [key:13 value:"m" key:14 value:"n" key:18 value:"r" key:25 value:"y" key:26 value:"z"]
LSMTREE >> 
LSMTREE >> ------ DATA PARTITION -------
LSMTREE >> 
LSMTREE >> data block [key:13 value:"m" key:14 value:"n" key:18 value:"r" key:25 value:"y" key:26 value:"z"] with size 35
LSMTREE >> ------ DATA PARTITION -------
LSMTREE >> 
LSMTREE >> data partition => [key:34 value:"d" key:36 value:"f" key:40 value:"j" key:43 value:"m" key:48 value:"r"]
LSMTREE >> 
LSMTREE >> ------ DATA PARTITION -------
LSMTREE >> 
LSMTREE >> data block [key:34 value:"d" key:36 value:"f" key:40 value:"j" key:43 value:"m" key:48 value:"r"] with size 35
LSMTREE >> ------ INDEX BLOCK -------
LSMTREE >> 
LSMTREE >> index block min key : 13 offset : 0
LSMTREE >> index block min key : 34 offset : 35
LSMTREE >> 
LSMTREE >> ------ INDEX BLOCK -------
LSMTREE >> 
LSMTREE >> ------ META DATA BLOCK -------
LSMTREE >> 
LSMTREE >> meta data block => MinKey:13 MaxKey:48
LSMTREE >> 
LSMTREE >> ------ META DATA BLOCK -------
LSMTREE >> 
LSMTREE >> ------ HEADER BLOCK -------
LSMTREE >> 
LSMTREE >> wrote 24 bytes to header block...
LSMTREE >> 
LSMTREE >> header block => &{24 94 104}
LSMTREE >> 
LSMTREE >> ------ HEADER BLOCK -------
LSMTREE >> 
LSMTREE >> 
LSMTREE >> ///////////////////////////////////////////////
LSMTREE >> ////////        WRITE PROCESS        /////////
LSMTREE >> ///////////////////////////////////////////////
LSMTREE >> 
LSMTREE >> level 0 now has 1 sstables...
LSMTREE >> 
LSMTREE >> -------- DISPLAY SKIP LIST --------
LSMTREE >> SkipList max level 0 : 
LSMTREE >> key : -9223372036854775808 value : sentinel maximum level reached : 0
LSMTREE >> key : 6 value : f maximum level reached : 5
LSMTREE >> -----------------------------------
LSMTREE >> -------- DISPLAY SKIP LIST --------
LSMTREE >> SkipList max level 0 : 
LSMTREE >> key : -9223372036854775808 value : sentinel maximum level reached : 0
LSMTREE >> key : 6 value : f maximum level reached : 5
LSMTREE >> key : 7 value : g maximum level reached : 3
LSMTREE >> -----------------------------------
LSMTREE >> -------- DISPLAY SKIP LIST --------
LSMTREE >> SkipList max level 0 : 
LSMTREE >> key : -9223372036854775808 value : sentinel maximum level reached : 0
LSMTREE >> key : 6 value : f maximum level reached : 5
LSMTREE >> key : 7 value : g maximum level reached : 3
LSMTREE >> key : 22 value : v maximum level reached : 4
LSMTREE >> -----------------------------------
LSMTREE >> -------- DISPLAY SKIP LIST --------
LSMTREE >> SkipList max level 0 : 
LSMTREE >> key : -9223372036854775808 value : sentinel maximum level reached : 0
LSMTREE >> key : 6 value : f maximum level reached : 5
LSMTREE >> key : 7 value : g maximum level reached : 3
LSMTREE >> key : 22 value : v maximum level reached : 4
LSMTREE >> key : 54 value : x maximum level reached : 3
LSMTREE >> -----------------------------------
LSMTREE >> -------- DISPLAY SKIP LIST --------
LSMTREE >> SkipList max level 0 : 
LSMTREE >> key : -9223372036854775808 value : sentinel maximum level reached : 0
LSMTREE >> key : 6 value : f maximum level reached : 5
LSMTREE >> key : 7 value : g maximum level reached : 3
LSMTREE >> key : 17 value : q maximum level reached : 1
LSMTREE >> key : 22 value : v maximum level reached : 4
LSMTREE >> key : 54 value : x maximum level reached : 3
LSMTREE >> -----------------------------------
LSMTREE >> -------- DISPLAY SKIP LIST --------
LSMTREE >> SkipList max level 0 : 
LSMTREE >> key : -9223372036854775808 value : sentinel maximum level reached : 0
LSMTREE >> key : 6 value : f maximum level reached : 5
LSMTREE >> key : 7 value : g maximum level reached : 3
LSMTREE >> key : 17 value : q maximum level reached : 1
LSMTREE >> key : 20 value : t maximum level reached : 0
LSMTREE >> key : 22 value : v maximum level reached : 4
LSMTREE >> key : 54 value : x maximum level reached : 3
LSMTREE >> -----------------------------------
LSMTREE >> -------- DISPLAY SKIP LIST --------
LSMTREE >> SkipList max level 0 : 
LSMTREE >> key : -9223372036854775808 value : sentinel maximum level reached : 0
LSMTREE >> key : 6 value : f maximum level reached : 5
LSMTREE >> key : 7 value : g maximum level reached : 3
LSMTREE >> key : 17 value : q maximum level reached : 1
LSMTREE >> key : 20 value : t maximum level reached : 0
LSMTREE >> key : 22 value : v maximum level reached : 4
LSMTREE >> key : 52 value : v maximum level reached : 1
LSMTREE >> key : 54 value : x maximum level reached : 3
LSMTREE >> -----------------------------------
LSMTREE >> -------- DISPLAY SKIP LIST --------
LSMTREE >> SkipList max level 0 : 
LSMTREE >> key : -9223372036854775808 value : sentinel maximum level reached : 0
LSMTREE >> key : 6 value : f maximum level reached : 5
LSMTREE >> key : 7 value : g maximum level reached : 3
LSMTREE >> key : 17 value : q maximum level reached : 1
LSMTREE >> key : 20 value : t maximum level reached : 0
LSMTREE >> key : 22 value : v maximum level reached : 4
LSMTREE >> key : 52 value : v maximum level reached : 1
LSMTREE >> key : 53 value : w maximum level reached : 4
LSMTREE >> key : 54 value : x maximum level reached : 3
LSMTREE >> -----------------------------------
LSMTREE >> -------- DISPLAY SKIP LIST --------
LSMTREE >> SkipList max level 0 : 
LSMTREE >> key : -9223372036854775808 value : sentinel maximum level reached : 0
LSMTREE >> key : 1 value : a maximum level reached : 0
LSMTREE >> key : 6 value : f maximum level reached : 5
LSMTREE >> key : 7 value : g maximum level reached : 3
LSMTREE >> key : 17 value : q maximum level reached : 1
LSMTREE >> key : 20 value : t maximum level reached : 0
LSMTREE >> key : 22 value : v maximum level reached : 4
LSMTREE >> key : 52 value : v maximum level reached : 1
LSMTREE >> key : 53 value : w maximum level reached : 4
LSMTREE >> key : 54 value : x maximum level reached : 3
LSMTREE >> -----------------------------------
LSMTREE >> -------- DISPLAY SKIP LIST --------
LSMTREE >> SkipList max level 0 : 
LSMTREE >> key : -9223372036854775808 value : sentinel maximum level reached : 0
LSMTREE >> key : 1 value : a maximum level reached : 0
LSMTREE >> key : 2 value : b maximum level reached : 1
LSMTREE >> key : 6 value : f maximum level reached : 5
LSMTREE >> key : 7 value : g maximum level reached : 3
LSMTREE >> key : 17 value : q maximum level reached : 1
LSMTREE >> key : 20 value : t maximum level reached : 0
LSMTREE >> key : 22 value : v maximum level reached : 4
LSMTREE >> key : 52 value : v maximum level reached : 1
LSMTREE >> key : 53 value : w maximum level reached : 4
LSMTREE >> key : 54 value : x maximum level reached : 3
LSMTREE >> -----------------------------------
LSMTREE >> ///////////////////////////////////////////////
LSMTREE >> ////////        WRITE PROCESS        /////////
LSMTREE >> ///////////////////////////////////////////////
LSMTREE >> 
LSMTREE >> ------ DATA PARTITION -------
LSMTREE >> 
LSMTREE >> data partition => [key:1 value:"a" key:2 value:"b" key:6 value:"f" key:7 value:"g" key:17 value:"q"]
LSMTREE >> 
LSMTREE >> ------ DATA PARTITION -------
LSMTREE >> 
LSMTREE >> data block [key:1 value:"a" key:2 value:"b" key:6 value:"f" key:7 value:"g" key:17 value:"q"] with size 35
LSMTREE >> ------ DATA PARTITION -------
LSMTREE >> 
LSMTREE >> data partition => [key:20 value:"t" key:22 value:"v" key:52 value:"v" key:53 value:"w" key:54 value:"x"]
LSMTREE >> 
LSMTREE >> ------ DATA PARTITION -------
LSMTREE >> 
LSMTREE >> data block [key:20 value:"t" key:22 value:"v" key:52 value:"v" key:53 value:"w" key:54 value:"x"] with size 35
LSMTREE >> ------ INDEX BLOCK -------
LSMTREE >> 
LSMTREE >> index block min key : 1 offset : 0
LSMTREE >> index block min key : 20 offset : 35
LSMTREE >> 
LSMTREE >> ------ INDEX BLOCK -------
LSMTREE >> 
LSMTREE >> ------ META DATA BLOCK -------
LSMTREE >> 
LSMTREE >> meta data block => MinKey:1 MaxKey:54
LSMTREE >> 
LSMTREE >> ------ META DATA BLOCK -------
LSMTREE >> 
LSMTREE >> ------ HEADER BLOCK -------
LSMTREE >> 
LSMTREE >> wrote 24 bytes to header block...
LSMTREE >> 
LSMTREE >> header block => &{24 94 104}
LSMTREE >> 
LSMTREE >> ------ HEADER BLOCK -------
LSMTREE >> 
LSMTREE >> 
LSMTREE >> ///////////////////////////////////////////////
LSMTREE >> ////////        WRITE PROCESS        /////////
LSMTREE >> ///////////////////////////////////////////////
LSMTREE >> 
LSMTREE >> level 0 now has 2 sstables...
LSMTREE >> 
LSMTREE >> -------- DISPLAY SKIP LIST --------
LSMTREE >> SkipList max level 0 : 
LSMTREE >> key : -9223372036854775808 value : sentinel maximum level reached : 0
LSMTREE >> key : 38 value : h maximum level reached : 3
LSMTREE >> -----------------------------------
LSMTREE >> -------- DISPLAY SKIP LIST --------
LSMTREE >> SkipList max level 0 : 
LSMTREE >> key : -9223372036854775808 value : sentinel maximum level reached : 0
LSMTREE >> key : 38 value : h maximum level reached : 3
LSMTREE >> key : 58 value : ab maximum level reached : 0
LSMTREE >> -----------------------------------
LSMTREE >> -------- DISPLAY SKIP LIST --------
LSMTREE >> SkipList max level 0 : 
LSMTREE >> key : -9223372036854775808 value : sentinel maximum level reached : 0
LSMTREE >> key : 3 value : c maximum level reached : 0
LSMTREE >> key : 38 value : h maximum level reached : 3
LSMTREE >> key : 58 value : ab maximum level reached : 0
LSMTREE >> -----------------------------------
LSMTREE >> -------- DISPLAY SKIP LIST --------
LSMTREE >> SkipList max level 0 : 
LSMTREE >> key : -9223372036854775808 value : sentinel maximum level reached : 0
LSMTREE >> key : 3 value : c maximum level reached : 0
LSMTREE >> key : 28 value : ab maximum level reached : 0
LSMTREE >> key : 38 value : h maximum level reached : 3
LSMTREE >> key : 58 value : ab maximum level reached : 0
LSMTREE >> -----------------------------------
LSMTREE >> -------- DISPLAY SKIP LIST --------
LSMTREE >> SkipList max level 0 : 
LSMTREE >> key : -9223372036854775808 value : sentinel maximum level reached : 0
LSMTREE >> key : 3 value : c maximum level reached : 0
LSMTREE >> key : 28 value : ab maximum level reached : 0
LSMTREE >> key : 38 value : h maximum level reached : 3
LSMTREE >> key : 55 value : y maximum level reached : 0
LSMTREE >> key : 58 value : ab maximum level reached : 0
LSMTREE >> -----------------------------------
LSMTREE >> -------- DISPLAY SKIP LIST --------
LSMTREE >> SkipList max level 0 : 
LSMTREE >> key : -9223372036854775808 value : sentinel maximum level reached : 0
LSMTREE >> key : 3 value : c maximum level reached : 0
LSMTREE >> key : 23 value : w maximum level reached : 0
LSMTREE >> key : 28 value : ab maximum level reached : 0
LSMTREE >> key : 38 value : h maximum level reached : 3
LSMTREE >> key : 55 value : y maximum level reached : 0
LSMTREE >> key : 58 value : ab maximum level reached : 0
LSMTREE >> -----------------------------------
LSMTREE >> -------- DISPLAY SKIP LIST --------
LSMTREE >> SkipList max level 0 : 
LSMTREE >> key : -9223372036854775808 value : sentinel maximum level reached : 0
LSMTREE >> key : 3 value : c maximum level reached : 0
LSMTREE >> key : 23 value : w maximum level reached : 0
LSMTREE >> key : 24 value : x maximum level reached : 0
LSMTREE >> key : 28 value : ab maximum level reached : 0
LSMTREE >> key : 38 value : h maximum level reached : 3
LSMTREE >> key : 55 value : y maximum level reached : 0
LSMTREE >> key : 58 value : ab maximum level reached : 0
LSMTREE >> -----------------------------------
LSMTREE >> -------- DISPLAY SKIP LIST --------
LSMTREE >> SkipList max level 0 : 
LSMTREE >> key : -9223372036854775808 value : sentinel maximum level reached : 0
LSMTREE >> key : 3 value : c maximum level reached : 0
LSMTREE >> key : 23 value : w maximum level reached : 0
LSMTREE >> key : 24 value : x maximum level reached : 0
LSMTREE >> key : 28 value : ab maximum level reached : 0
LSMTREE >> key : 29 value : ac maximum level reached : 0
LSMTREE >> key : 38 value : h maximum level reached : 3
LSMTREE >> key : 55 value : y maximum level reached : 0
LSMTREE >> key : 58 value : ab maximum level reached : 0
LSMTREE >> -----------------------------------
LSMTREE >> -------- DISPLAY SKIP LIST --------
LSMTREE >> SkipList max level 0 : 
LSMTREE >> key : -9223372036854775808 value : sentinel maximum level reached : 0
LSMTREE >> key : 3 value : c maximum level reached : 0
LSMTREE >> key : 23 value : w maximum level reached : 0
LSMTREE >> key : 24 value : x maximum level reached : 0
LSMTREE >> key : 28 value : ab maximum level reached : 0
LSMTREE >> key : 29 value : ac maximum level reached : 0
LSMTREE >> key : 38 value : h maximum level reached : 3
LSMTREE >> key : 51 value : u maximum level reached : 3
LSMTREE >> key : 55 value : y maximum level reached : 0
LSMTREE >> key : 58 value : ab maximum level reached : 0
LSMTREE >> -----------------------------------
LSMTREE >> -------- DISPLAY SKIP LIST --------
LSMTREE >> SkipList max level 0 : 
LSMTREE >> key : -9223372036854775808 value : sentinel maximum level reached : 0
LSMTREE >> key : 3 value : c maximum level reached : 0
LSMTREE >> key : 23 value : w maximum level reached : 0
LSMTREE >> key : 24 value : x maximum level reached : 0
LSMTREE >> key : 28 value : ab maximum level reached : 0
LSMTREE >> key : 29 value : ac maximum level reached : 0
LSMTREE >> key : 38 value : h maximum level reached : 3
LSMTREE >> key : 51 value : u maximum level reached : 3
LSMTREE >> key : 55 value : y maximum level reached : 0
LSMTREE >> key : 56 value : z maximum level reached : 0
LSMTREE >> key : 58 value : ab maximum level reached : 0
LSMTREE >> -----------------------------------
LSMTREE >> ///////////////////////////////////////////////
LSMTREE >> ////////        WRITE PROCESS        /////////
LSMTREE >> ///////////////////////////////////////////////
LSMTREE >> 
LSMTREE >> ------ DATA PARTITION -------
LSMTREE >> 
LSMTREE >> data partition => [key:3 value:"c" key:23 value:"w" key:24 value:"x" key:28 value:"ab" key:29 value:"ac"]
LSMTREE >> 
LSMTREE >> ------ DATA PARTITION -------
LSMTREE >> 
LSMTREE >> data block [key:3 value:"c" key:23 value:"w" key:24 value:"x" key:28 value:"ab" key:29 value:"ac"] with size 37
LSMTREE >> ------ DATA PARTITION -------
LSMTREE >> 
LSMTREE >> data partition => [key:38 value:"h" key:51 value:"u" key:55 value:"y" key:56 value:"z" key:58 value:"ab"]
LSMTREE >> 
LSMTREE >> ------ DATA PARTITION -------
LSMTREE >> 
LSMTREE >> data block [key:38 value:"h" key:51 value:"u" key:55 value:"y" key:56 value:"z" key:58 value:"ab"] with size 36
LSMTREE >> ------ INDEX BLOCK -------
LSMTREE >> 
LSMTREE >> index block min key : 3 offset : 0
LSMTREE >> index block min key : 38 offset : 37
LSMTREE >> 
LSMTREE >> ------ INDEX BLOCK -------
LSMTREE >> 
LSMTREE >> ------ META DATA BLOCK -------
LSMTREE >> 
LSMTREE >> meta data block => MinKey:3 MaxKey:58
LSMTREE >> 
LSMTREE >> ------ META DATA BLOCK -------
LSMTREE >> 
LSMTREE >> ------ HEADER BLOCK -------
LSMTREE >> 
LSMTREE >> wrote 24 bytes to header block...
LSMTREE >> 
LSMTREE >> header block => &{24 97 107}
LSMTREE >> 
LSMTREE >> ------ HEADER BLOCK -------
LSMTREE >> 
LSMTREE >> 
LSMTREE >> ///////////////////////////////////////////////
LSMTREE >> ////////        WRITE PROCESS        /////////
LSMTREE >> ///////////////////////////////////////////////
LSMTREE >> 
LSMTREE >> level 0 now has 3 sstables...
LSMTREE >> 
LSMTREE >> pushing level 0 to compaction queue
LSMTREE >> ///////////////////////////////////////////////
LSMTREE >> /////////    COMPACTION PROCESS     ///////////
LSMTREE >> ///////////////////////////////////////////////
LSMTREE >> 
LSMTREE >> level 0 has been sent for compaction...
LSMTREE >> number of ss tables in level 0 are : 3
LSMTREE >> ///////////////////////////////////////////////
LSMTREE >> /////////        READ PROCESS        /////////
LSMTREE >> ///////////////////////////////////////////////
LSMTREE >> 
LSMTREE >> ------ HEADER BLOCK -------
LSMTREE >> 
LSMTREE >> read 24 bytes of header data...
LSMTREE >> header block => data block offset : 24, index block offset : 97 meta data block offset : 107
LSMTREE >> 
LSMTREE >> ------ HEADER BLOCK -------
LSMTREE >> 
LSMTREE >> ------ INDEX BLOCK -------
LSMTREE >> 
LSMTREE >> reading index block from file, starting at index 97, with size 10
LSMTREE >> length of index block 2
LSMTREE >> 
LSMTREE >> min key 3 offset 0 
LSMTREE >> min key 38 offset 37 
LSMTREE >> 
LSMTREE >> ------ INDEX BLOCK -------
LSMTREE >> 
LSMTREE >> ------ META DATA BLOCK -------
LSMTREE >> 
LSMTREE >> reading meta data block...
LSMTREE >> 
LSMTREE >> min key : 3 max key : 58 
LSMTREE >> 
LSMTREE >> ------ META DATA BLOCK -------
LSMTREE >> 
LSMTREE >> ------ DATA PARTITION -------
LSMTREE >> 
LSMTREE >> starting to read data block from offset 24 until offset 61
LSMTREE >> 
LSMTREE >> key : 3 value c
LSMTREE >> key : 23 value w
LSMTREE >> key : 24 value x
LSMTREE >> key : 28 value ab
LSMTREE >> key : 29 value ac
LSMTREE >> 
LSMTREE >> ------ DATA PARTITION -------
LSMTREE >> 
LSMTREE >> ------ DATA PARTITION -------
LSMTREE >> 
LSMTREE >> starting to read data block from offset 61 until offset 97
LSMTREE >> 
LSMTREE >> key : 38 value h
LSMTREE >> key : 51 value u
LSMTREE >> key : 55 value y
LSMTREE >> key : 56 value z
LSMTREE >> key : 58 value ab
LSMTREE >> 
LSMTREE >> ------ DATA PARTITION -------
LSMTREE >> 
LSMTREE >> 
LSMTREE >> ///////////////////////////////////////////////
LSMTREE >> /////////        READ PROCESS        /////////
LSMTREE >> ///////////////////////////////////////////////
LSMTREE >> 
LSMTREE >> merged KV : [key:3 value:"c" key:23 value:"w" key:24 value:"x" key:28 value:"ab" key:29 value:"ac" key:38 value:"h" key:51 value:"u" key:55 value:"y" key:56 value:"z" key:58 value:"ab"]
LSMTREE >> ///////////////////////////////////////////////
LSMTREE >> /////////        READ PROCESS        /////////
LSMTREE >> ///////////////////////////////////////////////
LSMTREE >> 
LSMTREE >> ------ HEADER BLOCK -------
LSMTREE >> 
LSMTREE >> read 24 bytes of header data...
LSMTREE >> header block => data block offset : 24, index block offset : 94 meta data block offset : 104
LSMTREE >> 
LSMTREE >> ------ HEADER BLOCK -------
LSMTREE >> 
LSMTREE >> ------ INDEX BLOCK -------
LSMTREE >> 
LSMTREE >> reading index block from file, starting at index 94, with size 10
LSMTREE >> length of index block 2
LSMTREE >> 
LSMTREE >> min key 1 offset 0 
LSMTREE >> min key 20 offset 35 
LSMTREE >> 
LSMTREE >> ------ INDEX BLOCK -------
LSMTREE >> 
LSMTREE >> ------ META DATA BLOCK -------
LSMTREE >> 
LSMTREE >> reading meta data block...
LSMTREE >> 
LSMTREE >> min key : 1 max key : 54 
LSMTREE >> 
LSMTREE >> ------ META DATA BLOCK -------
LSMTREE >> 
LSMTREE >> ------ DATA PARTITION -------
LSMTREE >> 
LSMTREE >> starting to read data block from offset 24 until offset 59
LSMTREE >> 
LSMTREE >> key : 1 value a
LSMTREE >> key : 2 value b
LSMTREE >> key : 6 value f
LSMTREE >> key : 7 value g
LSMTREE >> key : 17 value q
LSMTREE >> 
LSMTREE >> ------ DATA PARTITION -------
LSMTREE >> 
LSMTREE >> ------ DATA PARTITION -------
LSMTREE >> 
LSMTREE >> starting to read data block from offset 59 until offset 94
LSMTREE >> 
LSMTREE >> key : 20 value t
LSMTREE >> key : 22 value v
LSMTREE >> key : 52 value v
LSMTREE >> key : 53 value w
LSMTREE >> key : 54 value x
LSMTREE >> 
LSMTREE >> ------ DATA PARTITION -------
LSMTREE >> 
LSMTREE >> 
LSMTREE >> ///////////////////////////////////////////////
LSMTREE >> /////////        READ PROCESS        /////////
LSMTREE >> ///////////////////////////////////////////////
LSMTREE >> 
LSMTREE >> merged KV : [key:1 value:"a" key:2 value:"b" key:3 value:"c" key:6 value:"f" key:7 value:"g" key:17 value:"q" key:20 value:"t" key:22 value:"v" key:23 value:"w" key:24 value:"x" key:28 value:"ab" key:29 value:"ac" key:38 value:"h" key:51 value:"u" key:52 value:"v" key:53 value:"w" key:54 value:"x" key:55 value:"y" key:56 value:"z" key:58 value:"ab"]
LSMTREE >> ///////////////////////////////////////////////
LSMTREE >> /////////        READ PROCESS        /////////
LSMTREE >> ///////////////////////////////////////////////
LSMTREE >> 
LSMTREE >> ------ HEADER BLOCK -------
LSMTREE >> 
LSMTREE >> read 24 bytes of header data...
LSMTREE >> header block => data block offset : 24, index block offset : 94 meta data block offset : 104
LSMTREE >> 
LSMTREE >> ------ HEADER BLOCK -------
LSMTREE >> 
LSMTREE >> ------ INDEX BLOCK -------
LSMTREE >> 
LSMTREE >> reading index block from file, starting at index 94, with size 10
LSMTREE >> length of index block 2
LSMTREE >> 
LSMTREE >> min key 13 offset 0 
LSMTREE >> min key 34 offset 35 
LSMTREE >> 
LSMTREE >> ------ INDEX BLOCK -------
LSMTREE >> 
LSMTREE >> ------ META DATA BLOCK -------
LSMTREE >> 
LSMTREE >> reading meta data block...
LSMTREE >> 
LSMTREE >> min key : 13 max key : 48 
LSMTREE >> 
LSMTREE >> ------ META DATA BLOCK -------
LSMTREE >> 
LSMTREE >> ------ DATA PARTITION -------
LSMTREE >> 
LSMTREE >> starting to read data block from offset 24 until offset 59
LSMTREE >> 
LSMTREE >> key : 13 value m
LSMTREE >> key : 14 value n
LSMTREE >> key : 18 value r
LSMTREE >> key : 25 value y
LSMTREE >> key : 26 value z
LSMTREE >> 
LSMTREE >> ------ DATA PARTITION -------
LSMTREE >> 
LSMTREE >> ------ DATA PARTITION -------
LSMTREE >> 
LSMTREE >> starting to read data block from offset 59 until offset 94
LSMTREE >> 
LSMTREE >> key : 34 value d
LSMTREE >> key : 36 value f
LSMTREE >> key : 40 value j
LSMTREE >> key : 43 value m
LSMTREE >> key : 48 value r
LSMTREE >> 
LSMTREE >> ------ DATA PARTITION -------
LSMTREE >> 
LSMTREE >> 
LSMTREE >> ///////////////////////////////////////////////
LSMTREE >> /////////        READ PROCESS        /////////
LSMTREE >> ///////////////////////////////////////////////
LSMTREE >> 
LSMTREE >> merged KV : [key:1 value:"a" key:2 value:"b" key:3 value:"c" key:6 value:"f" key:7 value:"g" key:13 value:"m" key:14 value:"n" key:17 value:"q" key:18 value:"r" key:20 value:"t" key:22 value:"v" key:23 value:"w" key:24 value:"x" key:25 value:"y" key:26 value:"z" key:28 value:"ab" key:29 value:"ac" key:34 value:"d" key:36 value:"f" key:38 value:"h" key:40 value:"j" key:43 value:"m" key:48 value:"r" key:51 value:"u" key:52 value:"v" key:53 value:"w" key:54 value:"x" key:55 value:"y" key:56 value:"z" key:58 value:"ab"]
LSMTREE >> ///////////////////////////////////////////////
LSMTREE >> ////////        WRITE PROCESS        /////////
LSMTREE >> ///////////////////////////////////////////////
LSMTREE >> 
LSMTREE >> ------ DATA PARTITION -------
LSMTREE >> 
LSMTREE >> data partition => [key:1 value:"a" key:2 value:"b" key:3 value:"c" key:6 value:"f" key:7 value:"g"]
LSMTREE >> 
LSMTREE >> ------ DATA PARTITION -------
LSMTREE >> 
LSMTREE >> data block [key:1 value:"a" key:2 value:"b" key:3 value:"c" key:6 value:"f" key:7 value:"g"] with size 35
LSMTREE >> ------ DATA PARTITION -------
LSMTREE >> 
LSMTREE >> data partition => [key:13 value:"m" key:14 value:"n" key:17 value:"q" key:18 value:"r" key:20 value:"t"]
LSMTREE >> 
LSMTREE >> ------ DATA PARTITION -------
LSMTREE >> 
LSMTREE >> data block [key:13 value:"m" key:14 value:"n" key:17 value:"q" key:18 value:"r" key:20 value:"t"] with size 35
LSMTREE >> ------ DATA PARTITION -------
LSMTREE >> 
LSMTREE >> data partition => [key:22 value:"v" key:23 value:"w" key:24 value:"x" key:25 value:"y" key:26 value:"z"]
LSMTREE >> 
LSMTREE >> ------ DATA PARTITION -------
LSMTREE >> 
LSMTREE >> data block [key:22 value:"v" key:23 value:"w" key:24 value:"x" key:25 value:"y" key:26 value:"z"] with size 35
LSMTREE >> ------ DATA PARTITION -------
LSMTREE >> 
LSMTREE >> data partition => [key:28 value:"ab" key:29 value:"ac" key:34 value:"d" key:36 value:"f" key:38 value:"h"]
LSMTREE >> 
LSMTREE >> ------ DATA PARTITION -------
LSMTREE >> 
LSMTREE >> data block [key:28 value:"ab" key:29 value:"ac" key:34 value:"d" key:36 value:"f" key:38 value:"h"] with size 37
LSMTREE >> ------ DATA PARTITION -------
LSMTREE >> 
LSMTREE >> data partition => [key:40 value:"j" key:43 value:"m" key:48 value:"r" key:51 value:"u" key:52 value:"v"]
LSMTREE >> 
LSMTREE >> ------ DATA PARTITION -------
LSMTREE >> 
LSMTREE >> data block [key:40 value:"j" key:43 value:"m" key:48 value:"r" key:51 value:"u" key:52 value:"v"] with size 35
LSMTREE >> ------ DATA PARTITION -------
LSMTREE >> 
LSMTREE >> data partition => [key:53 value:"w" key:54 value:"x" key:55 value:"y" key:56 value:"z" key:58 value:"ab"]
LSMTREE >> 
LSMTREE >> ------ DATA PARTITION -------
LSMTREE >> 
LSMTREE >> data block [key:53 value:"w" key:54 value:"x" key:55 value:"y" key:56 value:"z" key:58 value:"ab"] with size 36
LSMTREE >> ------ INDEX BLOCK -------
LSMTREE >> 
LSMTREE >> index block min key : 1 offset : 0
LSMTREE >> index block min key : 13 offset : 35
LSMTREE >> index block min key : 22 offset : 70
LSMTREE >> index block min key : 28 offset : 105
LSMTREE >> index block min key : 40 offset : 142
LSMTREE >> index block min key : 53 offset : 177
LSMTREE >> 
LSMTREE >> ------ INDEX BLOCK -------
LSMTREE >> 
LSMTREE >> ------ META DATA BLOCK -------
LSMTREE >> 
LSMTREE >> meta data block => MinKey:1 MaxKey:58
LSMTREE >> 
LSMTREE >> ------ META DATA BLOCK -------
LSMTREE >> 
LSMTREE >> ------ HEADER BLOCK -------
LSMTREE >> 
LSMTREE >> wrote 24 bytes to header block...
LSMTREE >> 
LSMTREE >> header block => &{24 237 273}
LSMTREE >> 
LSMTREE >> ------ HEADER BLOCK -------
LSMTREE >> 
LSMTREE >> 
LSMTREE >> ///////////////////////////////////////////////
LSMTREE >> ////////        WRITE PROCESS        /////////
LSMTREE >> ///////////////////////////////////////////////
LSMTREE >> 
LSMTREE >> after compaction level 1 now has 1 sstables.. 
LSMTREE >> 
LSMTREE >> 
LSMTREE >> reading merged sstable..
LSMTREE >> ///////////////////////////////////////////////
LSMTREE >> /////////        READ PROCESS        /////////
LSMTREE >> ///////////////////////////////////////////////
LSMTREE >> 
LSMTREE >> ------ HEADER BLOCK -------
LSMTREE >> 
LSMTREE >> read 24 bytes of header data...
LSMTREE >> header block => data block offset : 24, index block offset : 237 meta data block offset : 273
LSMTREE >> 
LSMTREE >> ------ HEADER BLOCK -------
LSMTREE >> 
LSMTREE >> ------ INDEX BLOCK -------
LSMTREE >> 
LSMTREE >> reading index block from file, starting at index 237, with size 36
LSMTREE >> length of index block 6
LSMTREE >> 
LSMTREE >> min key 1 offset 0 
LSMTREE >> min key 13 offset 35 
LSMTREE >> min key 22 offset 70 
LSMTREE >> min key 28 offset 105 
LSMTREE >> min key 40 offset 142 
LSMTREE >> min key 53 offset 177 
LSMTREE >> 
LSMTREE >> ------ INDEX BLOCK -------
LSMTREE >> 
LSMTREE >> ------ META DATA BLOCK -------
LSMTREE >> 
LSMTREE >> reading meta data block...
LSMTREE >> 
LSMTREE >> min key : 1 max key : 58 
LSMTREE >> 
LSMTREE >> ------ META DATA BLOCK -------
LSMTREE >> 
LSMTREE >> ------ DATA PARTITION -------
LSMTREE >> 
LSMTREE >> starting to read data block from offset 24 until offset 59
LSMTREE >> 
LSMTREE >> key : 1 value a
LSMTREE >> key : 2 value b
LSMTREE >> key : 3 value c
LSMTREE >> key : 6 value f
LSMTREE >> key : 7 value g
LSMTREE >> 
LSMTREE >> ------ DATA PARTITION -------
LSMTREE >> 
LSMTREE >> ------ DATA PARTITION -------
LSMTREE >> 
LSMTREE >> starting to read data block from offset 59 until offset 94
LSMTREE >> 
LSMTREE >> key : 13 value m
LSMTREE >> key : 14 value n
LSMTREE >> key : 17 value q
LSMTREE >> key : 18 value r
LSMTREE >> key : 20 value t
LSMTREE >> 
LSMTREE >> ------ DATA PARTITION -------
LSMTREE >> 
LSMTREE >> ------ DATA PARTITION -------
LSMTREE >> 
LSMTREE >> starting to read data block from offset 94 until offset 129
LSMTREE >> 
LSMTREE >> key : 22 value v
LSMTREE >> key : 23 value w
LSMTREE >> key : 24 value x
LSMTREE >> key : 25 value y
LSMTREE >> key : 26 value z
LSMTREE >> 
LSMTREE >> ------ DATA PARTITION -------
LSMTREE >> 
LSMTREE >> ------ DATA PARTITION -------
LSMTREE >> 
LSMTREE >> starting to read data block from offset 129 until offset 166
LSMTREE >> 
LSMTREE >> key : 28 value ab
LSMTREE >> key : 29 value ac
LSMTREE >> key : 34 value d
LSMTREE >> key : 36 value f
LSMTREE >> key : 38 value h
LSMTREE >> 
LSMTREE >> ------ DATA PARTITION -------
LSMTREE >> 
LSMTREE >> ------ DATA PARTITION -------
LSMTREE >> 
LSMTREE >> starting to read data block from offset 166 until offset 201
LSMTREE >> 
LSMTREE >> key : 40 value j
LSMTREE >> key : 43 value m
LSMTREE >> key : 48 value r
LSMTREE >> key : 51 value u
LSMTREE >> key : 52 value v
LSMTREE >> 
LSMTREE >> ------ DATA PARTITION -------
LSMTREE >> 
LSMTREE >> ------ DATA PARTITION -------
LSMTREE >> 
LSMTREE >> starting to read data block from offset 201 until offset 237
LSMTREE >> 
LSMTREE >> key : 53 value w
LSMTREE >> key : 54 value x
LSMTREE >> key : 55 value y
LSMTREE >> key : 56 value z
LSMTREE >> key : 58 value ab
LSMTREE >> 
LSMTREE >> ------ DATA PARTITION -------
LSMTREE >> 
LSMTREE >> 
LSMTREE >> ///////////////////////////////////////////////
LSMTREE >> /////////        READ PROCESS        /////////
LSMTREE >> ///////////////////////////////////////////////
LSMTREE >> 
LSMTREE >> 
LSMTREE >> ///////////////////////////////////////////////
LSMTREE >> /////////    COMPACTION PROCESS     ///////////
LSMTREE >> ///////////////////////////////////////////////
LSMTREE >> 
LSMTREE >> -------- DISPLAY SKIP LIST --------
LSMTREE >> SkipList max level 0 : 
LSMTREE >> key : -9223372036854775808 value : sentinel maximum level reached : 0
LSMTREE >> key : 8 value : h maximum level reached : 0
LSMTREE >> -----------------------------------
LSMTREE >> -------- DISPLAY SKIP LIST --------
LSMTREE >> SkipList max level 0 : 
LSMTREE >> key : -9223372036854775808 value : sentinel maximum level reached : 0
LSMTREE >> key : 8 value : h maximum level reached : 0
LSMTREE >> key : 11 value : k maximum level reached : 2
LSMTREE >> -----------------------------------
LSMTREE >> -------- DISPLAY SKIP LIST --------
LSMTREE >> SkipList max level 0 : 
LSMTREE >> key : -9223372036854775808 value : sentinel maximum level reached : 0
LSMTREE >> key : 8 value : h maximum level reached : 0
LSMTREE >> key : 11 value : k maximum level reached : 2
LSMTREE >> key : 15 value : o maximum level reached : 1
LSMTREE >> -----------------------------------
LSMTREE >> -------- DISPLAY SKIP LIST --------
LSMTREE >> SkipList max level 0 : 
LSMTREE >> key : -9223372036854775808 value : sentinel maximum level reached : 0
LSMTREE >> key : 8 value : h maximum level reached : 0
LSMTREE >> key : 11 value : k maximum level reached : 2
LSMTREE >> key : 15 value : o maximum level reached : 1
LSMTREE >> key : 35 value : e maximum level reached : 0
LSMTREE >> -----------------------------------
LSMTREE >> -------- DISPLAY SKIP LIST --------
LSMTREE >> SkipList max level 0 : 
LSMTREE >> key : -9223372036854775808 value : sentinel maximum level reached : 0
LSMTREE >> key : 8 value : h maximum level reached : 0
LSMTREE >> key : 11 value : k maximum level reached : 2
LSMTREE >> key : 15 value : o maximum level reached : 1
LSMTREE >> key : 35 value : e maximum level reached : 0
LSMTREE >> key : 42 value : l maximum level reached : 2
LSMTREE >> -----------------------------------
LSMTREE >> -------- DISPLAY SKIP LIST --------
LSMTREE >> SkipList max level 0 : 
LSMTREE >> key : -9223372036854775808 value : sentinel maximum level reached : 0
LSMTREE >> key : 8 value : h maximum level reached : 0
LSMTREE >> key : 11 value : k maximum level reached : 2
LSMTREE >> key : 15 value : o maximum level reached : 1
LSMTREE >> key : 35 value : e maximum level reached : 0
LSMTREE >> key : 42 value : l maximum level reached : 2
LSMTREE >> key : 50 value : t maximum level reached : 4
LSMTREE >> -----------------------------------
LSMTREE >> -------- DISPLAY SKIP LIST --------
LSMTREE >> SkipList max level 0 : 
LSMTREE >> key : -9223372036854775808 value : sentinel maximum level reached : 0
LSMTREE >> key : 8 value : h maximum level reached : 0
LSMTREE >> key : 11 value : k maximum level reached : 2
LSMTREE >> key : 15 value : o maximum level reached : 1
LSMTREE >> key : 35 value : e maximum level reached : 0
LSMTREE >> key : 42 value : l maximum level reached : 2
LSMTREE >> key : 50 value : t maximum level reached : 4
LSMTREE >> key : 60 value : ad maximum level reached : 1
LSMTREE >> -----------------------------------
LSMTREE >> -------- DISPLAY SKIP LIST --------
LSMTREE >> SkipList max level 0 : 
LSMTREE >> key : -9223372036854775808 value : sentinel maximum level reached : 0
LSMTREE >> key : 8 value : h maximum level reached : 0
LSMTREE >> key : 10 value : j maximum level reached : 0
LSMTREE >> key : 11 value : k maximum level reached : 2
LSMTREE >> key : 15 value : o maximum level reached : 1
LSMTREE >> key : 35 value : e maximum level reached : 0
LSMTREE >> key : 42 value : l maximum level reached : 2
LSMTREE >> key : 50 value : t maximum level reached : 4
LSMTREE >> key : 60 value : ad maximum level reached : 1
LSMTREE >> -----------------------------------
LSMTREE >> -------- DISPLAY SKIP LIST --------
LSMTREE >> SkipList max level 0 : 
LSMTREE >> key : -9223372036854775808 value : sentinel maximum level reached : 0
LSMTREE >> key : 8 value : h maximum level reached : 0
LSMTREE >> key : 10 value : j maximum level reached : 0
LSMTREE >> key : 11 value : k maximum level reached : 2
LSMTREE >> key : 12 value : l maximum level reached : 0
LSMTREE >> key : 15 value : o maximum level reached : 1
LSMTREE >> key : 35 value : e maximum level reached : 0
LSMTREE >> key : 42 value : l maximum level reached : 2
LSMTREE >> key : 50 value : t maximum level reached : 4
LSMTREE >> key : 60 value : ad maximum level reached : 1
LSMTREE >> -----------------------------------
LSMTREE >> -------- DISPLAY SKIP LIST --------
LSMTREE >> SkipList max level 0 : 
LSMTREE >> key : -9223372036854775808 value : sentinel maximum level reached : 0
LSMTREE >> key : 8 value : h maximum level reached : 0
LSMTREE >> key : 10 value : j maximum level reached : 0
LSMTREE >> key : 11 value : k maximum level reached : 2
LSMTREE >> key : 12 value : l maximum level reached : 0
LSMTREE >> key : 15 value : o maximum level reached : 1
LSMTREE >> key : 19 value : s maximum level reached : 2
LSMTREE >> key : 35 value : e maximum level reached : 0
LSMTREE >> key : 42 value : l maximum level reached : 2
LSMTREE >> key : 50 value : t maximum level reached : 4
LSMTREE >> key : 60 value : ad maximum level reached : 1
LSMTREE >> -----------------------------------
LSMTREE >> ///////////////////////////////////////////////
LSMTREE >> ////////        WRITE PROCESS        /////////
LSMTREE >> ///////////////////////////////////////////////
LSMTREE >> 
LSMTREE >> ------ DATA PARTITION -------
LSMTREE >> 
LSMTREE >> data partition => [key:8 value:"h" key:10 value:"j" key:11 value:"k" key:12 value:"l" key:15 value:"o"]
LSMTREE >> 
LSMTREE >> ------ DATA PARTITION -------
LSMTREE >> 
LSMTREE >> data block [key:8 value:"h" key:10 value:"j" key:11 value:"k" key:12 value:"l" key:15 value:"o"] with size 35
LSMTREE >> ------ DATA PARTITION -------
LSMTREE >> 
LSMTREE >> data partition => [key:19 value:"s" key:35 value:"e" key:42 value:"l" key:50 value:"t" key:60 value:"ad"]
LSMTREE >> 
LSMTREE >> ------ DATA PARTITION -------
LSMTREE >> 
LSMTREE >> data block [key:19 value:"s" key:35 value:"e" key:42 value:"l" key:50 value:"t" key:60 value:"ad"] with size 36
LSMTREE >> ------ INDEX BLOCK -------
LSMTREE >> 
LSMTREE >> index block min key : 8 offset : 0
LSMTREE >> index block min key : 19 offset : 35
LSMTREE >> 
LSMTREE >> ------ INDEX BLOCK -------
LSMTREE >> 
LSMTREE >> ------ META DATA BLOCK -------
LSMTREE >> 
LSMTREE >> meta data block => MinKey:8 MaxKey:60
LSMTREE >> 
LSMTREE >> ------ META DATA BLOCK -------
LSMTREE >> 
LSMTREE >> ------ HEADER BLOCK -------
LSMTREE >> 
LSMTREE >> wrote 24 bytes to header block...
LSMTREE >> 
LSMTREE >> header block => &{24 95 105}
LSMTREE >> 
LSMTREE >> ------ HEADER BLOCK -------
LSMTREE >> 
LSMTREE >> 
LSMTREE >> ///////////////////////////////////////////////
LSMTREE >> ////////        WRITE PROCESS        /////////
LSMTREE >> ///////////////////////////////////////////////
LSMTREE >> 
LSMTREE >> level 0 now has 1 sstables...
LSMTREE >> 
LSMTREE >> -------- DISPLAY SKIP LIST --------
LSMTREE >> SkipList max level 0 : 
LSMTREE >> key : -9223372036854775808 value : sentinel maximum level reached : 0
LSMTREE >> key : 5 value : e maximum level reached : 0
LSMTREE >> -----------------------------------
LSMTREE >> -------- DISPLAY SKIP LIST --------
LSMTREE >> SkipList max level 0 : 
LSMTREE >> key : -9223372036854775808 value : sentinel maximum level reached : 0
LSMTREE >> key : 5 value : e maximum level reached : 0
LSMTREE >> key : 39 value : i maximum level reached : 3
LSMTREE >> -----------------------------------
LSMTREE >> -------- DISPLAY SKIP LIST --------
LSMTREE >> SkipList max level 0 : 
LSMTREE >> key : -9223372036854775808 value : sentinel maximum level reached : 0
LSMTREE >> key : 5 value : e maximum level reached : 0
LSMTREE >> key : 39 value : i maximum level reached : 3
LSMTREE >> key : 46 value : p maximum level reached : 2
LSMTREE >> -----------------------------------
LSMTREE >> -------- DISPLAY SKIP LIST --------
LSMTREE >> SkipList max level 0 : 
LSMTREE >> key : -9223372036854775808 value : sentinel maximum level reached : 0
LSMTREE >> key : 5 value : e maximum level reached : 0
LSMTREE >> key : 39 value : i maximum level reached : 3
LSMTREE >> key : 41 value : k maximum level reached : 0
LSMTREE >> key : 46 value : p maximum level reached : 2
LSMTREE >> -----------------------------------
LSMTREE >> -------- DISPLAY SKIP LIST --------
LSMTREE >> SkipList max level 0 : 
LSMTREE >> key : -9223372036854775808 value : sentinel maximum level reached : 0
LSMTREE >> key : 5 value : e maximum level reached : 0
LSMTREE >> key : 31 value : a maximum level reached : 1
LSMTREE >> key : 39 value : i maximum level reached : 3
LSMTREE >> key : 41 value : k maximum level reached : 0
LSMTREE >> key : 46 value : p maximum level reached : 2
LSMTREE >> -----------------------------------
LSMTREE >> -------- DISPLAY SKIP LIST --------
LSMTREE >> SkipList max level 0 : 
LSMTREE >> key : -9223372036854775808 value : sentinel maximum level reached : 0
LSMTREE >> key : 5 value : e maximum level reached : 0
LSMTREE >> key : 31 value : a maximum level reached : 1
LSMTREE >> key : 32 value : b maximum level reached : 0
LSMTREE >> key : 39 value : i maximum level reached : 3
LSMTREE >> key : 41 value : k maximum level reached : 0
LSMTREE >> key : 46 value : p maximum level reached : 2
LSMTREE >> -----------------------------------
LSMTREE >> -------- DISPLAY SKIP LIST --------
LSMTREE >> SkipList max level 0 : 
LSMTREE >> key : -9223372036854775808 value : sentinel maximum level reached : 0
LSMTREE >> key : 5 value : e maximum level reached : 0
LSMTREE >> key : 31 value : a maximum level reached : 1
LSMTREE >> key : 32 value : b maximum level reached : 0
LSMTREE >> key : 37 value : g maximum level reached : 1
LSMTREE >> key : 39 value : i maximum level reached : 3
LSMTREE >> key : 41 value : k maximum level reached : 0
LSMTREE >> key : 46 value : p maximum level reached : 2
LSMTREE >> -----------------------------------
LSMTREE >> -------- DISPLAY SKIP LIST --------
LSMTREE >> SkipList max level 0 : 
LSMTREE >> key : -9223372036854775808 value : sentinel maximum level reached : 0
LSMTREE >> key : 5 value : e maximum level reached : 0
LSMTREE >> key : 21 value : u maximum level reached : 0
LSMTREE >> key : 31 value : a maximum level reached : 1
LSMTREE >> key : 32 value : b maximum level reached : 0
LSMTREE >> key : 37 value : g maximum level reached : 1
LSMTREE >> key : 39 value : i maximum level reached : 3
LSMTREE >> key : 41 value : k maximum level reached : 0
LSMTREE >> key : 46 value : p maximum level reached : 2
LSMTREE >> -----------------------------------
LSMTREE >> -------- DISPLAY SKIP LIST --------
LSMTREE >> SkipList max level 0 : 
LSMTREE >> key : -9223372036854775808 value : sentinel maximum level reached : 0
LSMTREE >> key : 5 value : e maximum level reached : 0
LSMTREE >> key : 21 value : u maximum level reached : 0
LSMTREE >> key : 31 value : a maximum level reached : 1
LSMTREE >> key : 32 value : b maximum level reached : 0
LSMTREE >> key : 37 value : g maximum level reached : 1
LSMTREE >> key : 39 value : i maximum level reached : 3
LSMTREE >> key : 41 value : k maximum level reached : 0
LSMTREE >> key : 44 value : n maximum level reached : 0
LSMTREE >> key : 46 value : p maximum level reached : 2
LSMTREE >> -----------------------------------
LSMTREE >> -------- DISPLAY SKIP LIST --------
LSMTREE >> SkipList max level 0 : 
LSMTREE >> key : -9223372036854775808 value : sentinel maximum level reached : 0
LSMTREE >> key : 5 value : e maximum level reached : 0
LSMTREE >> key : 21 value : u maximum level reached : 0
LSMTREE >> key : 31 value : a maximum level reached : 1
LSMTREE >> key : 32 value : b maximum level reached : 0
LSMTREE >> key : 37 value : g maximum level reached : 1
LSMTREE >> key : 39 value : i maximum level reached : 3
LSMTREE >> key : 41 value : k maximum level reached : 0
LSMTREE >> key : 44 value : n maximum level reached : 0
LSMTREE >> key : 46 value : p maximum level reached : 2
LSMTREE >> key : 49 value : s maximum level reached : 5
LSMTREE >> -----------------------------------
LSMTREE >> ///////////////////////////////////////////////
LSMTREE >> ////////        WRITE PROCESS        /////////
LSMTREE >> ///////////////////////////////////////////////
LSMTREE >> 
LSMTREE >> ------ DATA PARTITION -------
LSMTREE >> 
LSMTREE >> data partition => [key:5 value:"e" key:21 value:"u" key:31 value:"a" key:32 value:"b" key:37 value:"g"]
LSMTREE >> 
LSMTREE >> ------ DATA PARTITION -------
LSMTREE >> 
LSMTREE >> data block [key:5 value:"e" key:21 value:"u" key:31 value:"a" key:32 value:"b" key:37 value:"g"] with size 35
LSMTREE >> ------ DATA PARTITION -------
LSMTREE >> 
LSMTREE >> data partition => [key:39 value:"i" key:41 value:"k" key:44 value:"n" key:46 value:"p" key:49 value:"s"]
LSMTREE >> 
LSMTREE >> ------ DATA PARTITION -------
LSMTREE >> 
LSMTREE >> data block [key:39 value:"i" key:41 value:"k" key:44 value:"n" key:46 value:"p" key:49 value:"s"] with size 35
LSMTREE >> ------ INDEX BLOCK -------
LSMTREE >> 
LSMTREE >> index block min key : 5 offset : 0
LSMTREE >> index block min key : 39 offset : 35
LSMTREE >> 
LSMTREE >> ------ INDEX BLOCK -------
LSMTREE >> 
LSMTREE >> ------ META DATA BLOCK -------
LSMTREE >> 
LSMTREE >> meta data block => MinKey:5 MaxKey:49
LSMTREE >> 
LSMTREE >> ------ META DATA BLOCK -------
LSMTREE >> 
LSMTREE >> ------ HEADER BLOCK -------
LSMTREE >> 
LSMTREE >> wrote 24 bytes to header block...
LSMTREE >> 
LSMTREE >> header block => &{24 94 104}
LSMTREE >> 
LSMTREE >> ------ HEADER BLOCK -------
LSMTREE >> 
LSMTREE >> 
LSMTREE >> ///////////////////////////////////////////////
LSMTREE >> ////////        WRITE PROCESS        /////////
LSMTREE >> ///////////////////////////////////////////////
LSMTREE >> 
LSMTREE >> level 0 now has 2 sstables...
LSMTREE >> 
LSMTREE >> -------- DISPLAY SKIP LIST --------
LSMTREE >> SkipList max level 0 : 
LSMTREE >> key : -9223372036854775808 value : sentinel maximum level reached : 0
LSMTREE >> key : 57 value : aa maximum level reached : 0
LSMTREE >> -----------------------------------
LSMTREE >> -------- DISPLAY SKIP LIST --------
LSMTREE >> SkipList max level 0 : 
LSMTREE >> key : -9223372036854775808 value : sentinel maximum level reached : 0
LSMTREE >> key : 33 value : c maximum level reached : 1
LSMTREE >> key : 57 value : aa maximum level reached : 0
LSMTREE >> -----------------------------------
LSMTREE >> -------- DISPLAY SKIP LIST --------
LSMTREE >> SkipList max level 0 : 
LSMTREE >> key : -9223372036854775808 value : sentinel maximum level reached : 0
LSMTREE >> key : 4 value : d maximum level reached : 2
LSMTREE >> key : 33 value : c maximum level reached : 1
LSMTREE >> key : 57 value : aa maximum level reached : 0
LSMTREE >> -----------------------------------
LSMTREE >> -------- DISPLAY SKIP LIST --------
LSMTREE >> SkipList max level 0 : 
LSMTREE >> key : -9223372036854775808 value : sentinel maximum level reached : 0
LSMTREE >> key : 4 value : d maximum level reached : 2
LSMTREE >> key : 9 value : i maximum level reached : 1
LSMTREE >> key : 33 value : c maximum level reached : 1
LSMTREE >> key : 57 value : aa maximum level reached : 0
LSMTREE >> -----------------------------------
LSMTREE >> -------- DISPLAY SKIP LIST --------
LSMTREE >> SkipList max level 0 : 
LSMTREE >> key : -9223372036854775808 value : sentinel maximum level reached : 0
LSMTREE >> key : 4 value : d maximum level reached : 2
LSMTREE >> key : 9 value : i maximum level reached : 1
LSMTREE >> key : 27 value : aa maximum level reached : 0
LSMTREE >> key : 33 value : c maximum level reached : 1
LSMTREE >> key : 57 value : aa maximum level reached : 0
LSMTREE >> -----------------------------------
LSMTREE >> -------- DISPLAY SKIP LIST --------
LSMTREE >> SkipList max level 0 : 
LSMTREE >> key : -9223372036854775808 value : sentinel maximum level reached : 0
LSMTREE >> key : 4 value : d maximum level reached : 2
LSMTREE >> key : 9 value : i maximum level reached : 1
LSMTREE >> key : 27 value : aa maximum level reached : 0
LSMTREE >> key : 33 value : c maximum level reached : 1
LSMTREE >> key : 47 value : q maximum level reached : 0
LSMTREE >> key : 57 value : aa maximum level reached : 0
LSMTREE >> -----------------------------------
LSMTREE >> -------- DISPLAY SKIP LIST --------
LSMTREE >> SkipList max level 0 : 
LSMTREE >> key : -9223372036854775808 value : sentinel maximum level reached : 0
LSMTREE >> key : 4 value : d maximum level reached : 2
LSMTREE >> key : 9 value : i maximum level reached : 1
LSMTREE >> key : 27 value : aa maximum level reached : 0
LSMTREE >> key : 33 value : c maximum level reached : 1
LSMTREE >> key : 47 value : q maximum level reached : 0
LSMTREE >> key : 57 value : aa maximum level reached : 0
LSMTREE >> key : 59 value : ac maximum level reached : 0
LSMTREE >> -----------------------------------
LSMTREE >> -------- DISPLAY SKIP LIST --------
LSMTREE >> SkipList max level 0 : 
LSMTREE >> key : -9223372036854775808 value : sentinel maximum level reached : 0
LSMTREE >> key : 4 value : d maximum level reached : 2
LSMTREE >> key : 9 value : i maximum level reached : 1
LSMTREE >> key : 16 value : p maximum level reached : 1
LSMTREE >> key : 27 value : aa maximum level reached : 0
LSMTREE >> key : 33 value : c maximum level reached : 1
LSMTREE >> key : 47 value : q maximum level reached : 0
LSMTREE >> key : 57 value : aa maximum level reached : 0
LSMTREE >> key : 59 value : ac maximum level reached : 0
LSMTREE >> -----------------------------------
LSMTREE >> -------- DISPLAY SKIP LIST --------
LSMTREE >> SkipList max level 0 : 
LSMTREE >> key : -9223372036854775808 value : sentinel maximum level reached : 0
LSMTREE >> key : 4 value : d maximum level reached : 2
LSMTREE >> key : 9 value : i maximum level reached : 1
LSMTREE >> key : 16 value : p maximum level reached : 1
LSMTREE >> key : 27 value : aa maximum level reached : 0
LSMTREE >> key : 30 value : ad maximum level reached : 2
LSMTREE >> key : 33 value : c maximum level reached : 1
LSMTREE >> key : 47 value : q maximum level reached : 0
LSMTREE >> key : 57 value : aa maximum level reached : 0
LSMTREE >> key : 59 value : ac maximum level reached : 0
LSMTREE >> -----------------------------------
LSMTREE >> -------- DISPLAY SKIP LIST --------
LSMTREE >> SkipList max level 0 : 
LSMTREE >> key : -9223372036854775808 value : sentinel maximum level reached : 0
LSMTREE >> key : 4 value : d maximum level reached : 2
LSMTREE >> key : 9 value : i maximum level reached : 1
LSMTREE >> key : 16 value : p maximum level reached : 1
LSMTREE >> key : 27 value : aa maximum level reached : 0
LSMTREE >> key : 30 value : ad maximum level reached : 2
LSMTREE >> key : 33 value : c maximum level reached : 1
LSMTREE >> key : 45 value : o maximum level reached : 0
LSMTREE >> key : 47 value : q maximum level reached : 0
LSMTREE >> key : 57 value : aa maximum level reached : 0
LSMTREE >> key : 59 value : ac maximum level reached : 0
LSMTREE >> -----------------------------------
LSMTREE >> ///////////////////////////////////////////////
LSMTREE >> ////////        WRITE PROCESS        /////////
LSMTREE >> ///////////////////////////////////////////////
LSMTREE >> 
LSMTREE >> ------ DATA PARTITION -------
LSMTREE >> 
LSMTREE >> data partition => [key:4 value:"d" key:9 value:"i" key:16 value:"p" key:27 value:"aa" key:30 value:"ad"]
LSMTREE >> 
LSMTREE >> ------ DATA PARTITION -------
LSMTREE >> 
LSMTREE >> data block [key:4 value:"d" key:9 value:"i" key:16 value:"p" key:27 value:"aa" key:30 value:"ad"] with size 37
LSMTREE >> ------ DATA PARTITION -------
LSMTREE >> 
LSMTREE >> data partition => [key:33 value:"c" key:45 value:"o" key:47 value:"q" key:57 value:"aa" key:59 value:"ac"]
LSMTREE >> 
LSMTREE >> ------ DATA PARTITION -------
LSMTREE >> 
LSMTREE >> data block [key:33 value:"c" key:45 value:"o" key:47 value:"q" key:57 value:"aa" key:59 value:"ac"] with size 37
LSMTREE >> ------ INDEX BLOCK -------
LSMTREE >> 
LSMTREE >> index block min key : 4 offset : 0
LSMTREE >> index block min key : 33 offset : 37
LSMTREE >> 
LSMTREE >> ------ INDEX BLOCK -------
LSMTREE >> 
LSMTREE >> ------ META DATA BLOCK -------
LSMTREE >> 
LSMTREE >> meta data block => MinKey:4 MaxKey:59
LSMTREE >> 
LSMTREE >> ------ META DATA BLOCK -------
LSMTREE >> 
LSMTREE >> ------ HEADER BLOCK -------
LSMTREE >> 
LSMTREE >> wrote 24 bytes to header block...
LSMTREE >> 
LSMTREE >> header block => &{24 98 108}
LSMTREE >> 
LSMTREE >> ------ HEADER BLOCK -------
LSMTREE >> 
LSMTREE >> 
LSMTREE >> ///////////////////////////////////////////////
LSMTREE >> ////////        WRITE PROCESS        /////////
LSMTREE >> ///////////////////////////////////////////////
LSMTREE >> 
LSMTREE >> level 0 now has 3 sstables...
LSMTREE >> 
LSMTREE >> pushing level 0 to compaction queue
LSMTREE >> ///////////////////////////////////////////////
LSMTREE >> /////////    COMPACTION PROCESS     ///////////
LSMTREE >> ///////////////////////////////////////////////
LSMTREE >> 
LSMTREE >> level 0 has been sent for compaction...
LSMTREE >> number of ss tables in level 0 are : 3
LSMTREE >> ///////////////////////////////////////////////
LSMTREE >> /////////        READ PROCESS        /////////
LSMTREE >> ///////////////////////////////////////////////
LSMTREE >> 
LSMTREE >> ------ HEADER BLOCK -------
LSMTREE >> 
LSMTREE >> read 24 bytes of header data...
LSMTREE >> header block => data block offset : 24, index block offset : 98 meta data block offset : 108
LSMTREE >> 
LSMTREE >> ------ HEADER BLOCK -------
LSMTREE >> 
LSMTREE >> ------ INDEX BLOCK -------
LSMTREE >> 
LSMTREE >> reading index block from file, starting at index 98, with size 10
LSMTREE >> length of index block 2
LSMTREE >> 
LSMTREE >> min key 4 offset 0 
LSMTREE >> min key 33 offset 37 
LSMTREE >> 
LSMTREE >> ------ INDEX BLOCK -------
LSMTREE >> 
LSMTREE >> ------ META DATA BLOCK -------
LSMTREE >> 
LSMTREE >> reading meta data block...
LSMTREE >> 
LSMTREE >> min key : 4 max key : 59 
LSMTREE >> 
LSMTREE >> ------ META DATA BLOCK -------
LSMTREE >> 
LSMTREE >> ------ DATA PARTITION -------
LSMTREE >> 
LSMTREE >> starting to read data block from offset 24 until offset 61
LSMTREE >> 
LSMTREE >> key : 4 value d
LSMTREE >> key : 9 value i
LSMTREE >> key : 16 value p
LSMTREE >> key : 27 value aa
LSMTREE >> key : 30 value ad
LSMTREE >> 
LSMTREE >> ------ DATA PARTITION -------
LSMTREE >> 
LSMTREE >> ------ DATA PARTITION -------
LSMTREE >> 
LSMTREE >> starting to read data block from offset 61 until offset 98
LSMTREE >> 
LSMTREE >> key : 33 value c
LSMTREE >> key : 45 value o
LSMTREE >> key : 47 value q
LSMTREE >> key : 57 value aa
LSMTREE >> key : 59 value ac
LSMTREE >> 
LSMTREE >> ------ DATA PARTITION -------
LSMTREE >> 
LSMTREE >> 
LSMTREE >> ///////////////////////////////////////////////
LSMTREE >> /////////        READ PROCESS        /////////
LSMTREE >> ///////////////////////////////////////////////
LSMTREE >> 
LSMTREE >> merged KV : [key:4 value:"d" key:9 value:"i" key:16 value:"p" key:27 value:"aa" key:30 value:"ad" key:33 value:"c" key:45 value:"o" key:47 value:"q" key:57 value:"aa" key:59 value:"ac"]
LSMTREE >> ///////////////////////////////////////////////
LSMTREE >> /////////        READ PROCESS        /////////
LSMTREE >> ///////////////////////////////////////////////
LSMTREE >> 
LSMTREE >> ------ HEADER BLOCK -------
LSMTREE >> 
LSMTREE >> read 24 bytes of header data...
LSMTREE >> header block => data block offset : 24, index block offset : 94 meta data block offset : 104
LSMTREE >> 
LSMTREE >> ------ HEADER BLOCK -------
LSMTREE >> 
LSMTREE >> ------ INDEX BLOCK -------
LSMTREE >> 
LSMTREE >> reading index block from file, starting at index 94, with size 10
LSMTREE >> length of index block 2
LSMTREE >> 
LSMTREE >> min key 5 offset 0 
LSMTREE >> min key 39 offset 35 
LSMTREE >> 
LSMTREE >> ------ INDEX BLOCK -------
LSMTREE >> 
LSMTREE >> ------ META DATA BLOCK -------
LSMTREE >> 
LSMTREE >> reading meta data block...
LSMTREE >> 
LSMTREE >> min key : 5 max key : 49 
LSMTREE >> 
LSMTREE >> ------ META DATA BLOCK -------
LSMTREE >> 
LSMTREE >> ------ DATA PARTITION -------
LSMTREE >> 
LSMTREE >> starting to read data block from offset 24 until offset 59
LSMTREE >> 
LSMTREE >> key : 5 value e
LSMTREE >> key : 21 value u
LSMTREE >> key : 31 value a
LSMTREE >> key : 32 value b
LSMTREE >> key : 37 value g
LSMTREE >> 
LSMTREE >> ------ DATA PARTITION -------
LSMTREE >> 
LSMTREE >> ------ DATA PARTITION -------
LSMTREE >> 
LSMTREE >> starting to read data block from offset 59 until offset 94
LSMTREE >> 
LSMTREE >> key : 39 value i
LSMTREE >> key : 41 value k
LSMTREE >> key : 44 value n
LSMTREE >> key : 46 value p
LSMTREE >> key : 49 value s
LSMTREE >> 
LSMTREE >> ------ DATA PARTITION -------
LSMTREE >> 
LSMTREE >> 
LSMTREE >> ///////////////////////////////////////////////
LSMTREE >> /////////        READ PROCESS        /////////
LSMTREE >> ///////////////////////////////////////////////
LSMTREE >> 
LSMTREE >> merged KV : [key:4 value:"d" key:5 value:"e" key:9 value:"i" key:16 value:"p" key:21 value:"u" key:27 value:"aa" key:30 value:"ad" key:31 value:"a" key:32 value:"b" key:33 value:"c" key:37 value:"g" key:39 value:"i" key:41 value:"k" key:44 value:"n" key:45 value:"o" key:46 value:"p" key:47 value:"q" key:49 value:"s" key:57 value:"aa" key:59 value:"ac"]
LSMTREE >> ///////////////////////////////////////////////
LSMTREE >> /////////        READ PROCESS        /////////
LSMTREE >> ///////////////////////////////////////////////
LSMTREE >> 
LSMTREE >> ------ HEADER BLOCK -------
LSMTREE >> 
LSMTREE >> read 24 bytes of header data...
LSMTREE >> header block => data block offset : 24, index block offset : 95 meta data block offset : 105
LSMTREE >> 
LSMTREE >> ------ HEADER BLOCK -------
LSMTREE >> 
LSMTREE >> ------ INDEX BLOCK -------
LSMTREE >> 
LSMTREE >> reading index block from file, starting at index 95, with size 10
LSMTREE >> length of index block 2
LSMTREE >> 
LSMTREE >> min key 8 offset 0 
LSMTREE >> min key 19 offset 35 
LSMTREE >> 
LSMTREE >> ------ INDEX BLOCK -------
LSMTREE >> 
LSMTREE >> ------ META DATA BLOCK -------
LSMTREE >> 
LSMTREE >> reading meta data block...
LSMTREE >> 
LSMTREE >> min key : 8 max key : 60 
LSMTREE >> 
LSMTREE >> ------ META DATA BLOCK -------
LSMTREE >> 
LSMTREE >> ------ DATA PARTITION -------
LSMTREE >> 
LSMTREE >> starting to read data block from offset 24 until offset 59
LSMTREE >> 
LSMTREE >> key : 8 value h
LSMTREE >> key : 10 value j
LSMTREE >> key : 11 value k
LSMTREE >> key : 12 value l
LSMTREE >> key : 15 value o
LSMTREE >> 
LSMTREE >> ------ DATA PARTITION -------
LSMTREE >> 
LSMTREE >> ------ DATA PARTITION -------
LSMTREE >> 
LSMTREE >> starting to read data block from offset 59 until offset 95
LSMTREE >> 
LSMTREE >> key : 19 value s
LSMTREE >> key : 35 value e
LSMTREE >> key : 42 value l
LSMTREE >> key : 50 value t
LSMTREE >> key : 60 value ad
LSMTREE >> 
LSMTREE >> ------ DATA PARTITION -------
LSMTREE >> 
LSMTREE >> 
LSMTREE >> ///////////////////////////////////////////////
LSMTREE >> /////////        READ PROCESS        /////////
LSMTREE >> ///////////////////////////////////////////////
LSMTREE >> 
LSMTREE >> merged KV : [key:4 value:"d" key:5 value:"e" key:8 value:"h" key:9 value:"i" key:10 value:"j" key:11 value:"k" key:12 value:"l" key:15 value:"o" key:16 value:"p" key:19 value:"s" key:21 value:"u" key:27 value:"aa" key:30 value:"ad" key:31 value:"a" key:32 value:"b" key:33 value:"c" key:35 value:"e" key:37 value:"g" key:39 value:"i" key:41 value:"k" key:42 value:"l" key:44 value:"n" key:45 value:"o" key:46 value:"p" key:47 value:"q" key:49 value:"s" key:50 value:"t" key:57 value:"aa" key:59 value:"ac" key:60 value:"ad"]
LSMTREE >> ///////////////////////////////////////////////
LSMTREE >> ////////        WRITE PROCESS        /////////
LSMTREE >> ///////////////////////////////////////////////
LSMTREE >> 
LSMTREE >> ------ DATA PARTITION -------
LSMTREE >> 
LSMTREE >> data partition => [key:4 value:"d" key:5 value:"e" key:8 value:"h" key:9 value:"i" key:10 value:"j"]
LSMTREE >> 
LSMTREE >> ------ DATA PARTITION -------
LSMTREE >> 
LSMTREE >> data block [key:4 value:"d" key:5 value:"e" key:8 value:"h" key:9 value:"i" key:10 value:"j"] with size 35
LSMTREE >> ------ DATA PARTITION -------
LSMTREE >> 
LSMTREE >> data partition => [key:11 value:"k" key:12 value:"l" key:15 value:"o" key:16 value:"p" key:19 value:"s"]
LSMTREE >> 
LSMTREE >> ------ DATA PARTITION -------
LSMTREE >> 
LSMTREE >> data block [key:11 value:"k" key:12 value:"l" key:15 value:"o" key:16 value:"p" key:19 value:"s"] with size 35
LSMTREE >> ------ DATA PARTITION -------
LSMTREE >> 
LSMTREE >> data partition => [key:21 value:"u" key:27 value:"aa" key:30 value:"ad" key:31 value:"a" key:32 value:"b"]
LSMTREE >> 
LSMTREE >> ------ DATA PARTITION -------
LSMTREE >> 
LSMTREE >> data block [key:21 value:"u" key:27 value:"aa" key:30 value:"ad" key:31 value:"a" key:32 value:"b"] with size 37
LSMTREE >> ------ DATA PARTITION -------
LSMTREE >> 
LSMTREE >> data partition => [key:33 value:"c" key:35 value:"e" key:37 value:"g" key:39 value:"i" key:41 value:"k"]
LSMTREE >> 
LSMTREE >> ------ DATA PARTITION -------
LSMTREE >> 
LSMTREE >> data block [key:33 value:"c" key:35 value:"e" key:37 value:"g" key:39 value:"i" key:41 value:"k"] with size 35
LSMTREE >> ------ DATA PARTITION -------
LSMTREE >> 
LSMTREE >> data partition => [key:42 value:"l" key:44 value:"n" key:45 value:"o" key:46 value:"p" key:47 value:"q"]
LSMTREE >> 
LSMTREE >> ------ DATA PARTITION -------
LSMTREE >> 
LSMTREE >> data block [key:42 value:"l" key:44 value:"n" key:45 value:"o" key:46 value:"p" key:47 value:"q"] with size 35
LSMTREE >> ------ DATA PARTITION -------
LSMTREE >> 
LSMTREE >> data partition => [key:49 value:"s" key:50 value:"t" key:57 value:"aa" key:59 value:"ac" key:60 value:"ad"]
LSMTREE >> 
LSMTREE >> ------ DATA PARTITION -------
LSMTREE >> 
LSMTREE >> data block [key:49 value:"s" key:50 value:"t" key:57 value:"aa" key:59 value:"ac" key:60 value:"ad"] with size 38
LSMTREE >> ------ INDEX BLOCK -------
LSMTREE >> 
LSMTREE >> index block min key : 4 offset : 0
LSMTREE >> index block min key : 11 offset : 35
LSMTREE >> index block min key : 21 offset : 70
LSMTREE >> index block min key : 33 offset : 107
LSMTREE >> index block min key : 42 offset : 142
LSMTREE >> index block min key : 49 offset : 177
LSMTREE >> 
LSMTREE >> ------ INDEX BLOCK -------
LSMTREE >> 
LSMTREE >> ------ META DATA BLOCK -------
LSMTREE >> 
LSMTREE >> meta data block => MinKey:4 MaxKey:60
LSMTREE >> 
LSMTREE >> ------ META DATA BLOCK -------
LSMTREE >> 
LSMTREE >> ------ HEADER BLOCK -------
LSMTREE >> 
LSMTREE >> wrote 24 bytes to header block...
LSMTREE >> 
LSMTREE >> header block => &{24 239 275}
LSMTREE >> 
LSMTREE >> ------ HEADER BLOCK -------
LSMTREE >> 
LSMTREE >> 
LSMTREE >> ///////////////////////////////////////////////
LSMTREE >> ////////        WRITE PROCESS        /////////
LSMTREE >> ///////////////////////////////////////////////
LSMTREE >> 
LSMTREE >> after compaction level 1 now has 2 sstables.. 
LSMTREE >> 
LSMTREE >> 
LSMTREE >> reading merged sstable..
LSMTREE >> ///////////////////////////////////////////////
LSMTREE >> /////////        READ PROCESS        /////////
LSMTREE >> ///////////////////////////////////////////////
LSMTREE >> 
LSMTREE >> ------ HEADER BLOCK -------
LSMTREE >> 
LSMTREE >> read 24 bytes of header data...
LSMTREE >> header block => data block offset : 24, index block offset : 239 meta data block offset : 275
LSMTREE >> 
LSMTREE >> ------ HEADER BLOCK -------
LSMTREE >> 
LSMTREE >> ------ INDEX BLOCK -------
LSMTREE >> 
LSMTREE >> reading index block from file, starting at index 239, with size 36
LSMTREE >> length of index block 6
LSMTREE >> 
LSMTREE >> min key 4 offset 0 
LSMTREE >> min key 11 offset 35 
LSMTREE >> min key 21 offset 70 
LSMTREE >> min key 33 offset 107 
LSMTREE >> min key 42 offset 142 
LSMTREE >> min key 49 offset 177 
LSMTREE >> 
LSMTREE >> ------ INDEX BLOCK -------
LSMTREE >> 
LSMTREE >> ------ META DATA BLOCK -------
LSMTREE >> 
LSMTREE >> reading meta data block...
LSMTREE >> 
LSMTREE >> min key : 4 max key : 60 
LSMTREE >> 
LSMTREE >> ------ META DATA BLOCK -------
LSMTREE >> 
LSMTREE >> ------ DATA PARTITION -------
LSMTREE >> 
LSMTREE >> starting to read data block from offset 24 until offset 59
LSMTREE >> 
LSMTREE >> key : 4 value d
LSMTREE >> key : 5 value e
LSMTREE >> key : 8 value h
LSMTREE >> key : 9 value i
LSMTREE >> key : 10 value j
LSMTREE >> 
LSMTREE >> ------ DATA PARTITION -------
LSMTREE >> 
LSMTREE >> ------ DATA PARTITION -------
LSMTREE >> 
LSMTREE >> starting to read data block from offset 59 until offset 94
LSMTREE >> 
LSMTREE >> key : 11 value k
LSMTREE >> key : 12 value l
LSMTREE >> key : 15 value o
LSMTREE >> key : 16 value p
LSMTREE >> key : 19 value s
LSMTREE >> 
LSMTREE >> ------ DATA PARTITION -------
LSMTREE >> 
LSMTREE >> ------ DATA PARTITION -------
LSMTREE >> 
LSMTREE >> starting to read data block from offset 94 until offset 131
LSMTREE >> 
LSMTREE >> key : 21 value u
LSMTREE >> key : 27 value aa
LSMTREE >> key : 30 value ad
LSMTREE >> key : 31 value a
LSMTREE >> key : 32 value b
LSMTREE >> 
LSMTREE >> ------ DATA PARTITION -------
LSMTREE >> 
LSMTREE >> ------ DATA PARTITION -------
LSMTREE >> 
LSMTREE >> starting to read data block from offset 131 until offset 166
LSMTREE >> 
LSMTREE >> key : 33 value c
LSMTREE >> key : 35 value e
LSMTREE >> key : 37 value g
LSMTREE >> key : 39 value i
LSMTREE >> key : 41 value k
LSMTREE >> 
LSMTREE >> ------ DATA PARTITION -------
LSMTREE >> 
LSMTREE >> ------ DATA PARTITION -------
LSMTREE >> 
LSMTREE >> starting to read data block from offset 166 until offset 201
LSMTREE >> 
LSMTREE >> key : 42 value l
LSMTREE >> key : 44 value n
LSMTREE >> key : 45 value o
LSMTREE >> key : 46 value p
LSMTREE >> key : 47 value q
LSMTREE >> 
LSMTREE >> ------ DATA PARTITION -------
LSMTREE >> 
LSMTREE >> ------ DATA PARTITION -------
LSMTREE >> 
LSMTREE >> starting to read data block from offset 201 until offset 239
LSMTREE >> 
LSMTREE >> key : 49 value s
LSMTREE >> key : 50 value t
LSMTREE >> key : 57 value aa
LSMTREE >> key : 59 value ac
LSMTREE >> key : 60 value ad
LSMTREE >> 
LSMTREE >> ------ DATA PARTITION -------
LSMTREE >> 
LSMTREE >> 
LSMTREE >> ///////////////////////////////////////////////
LSMTREE >> /////////        READ PROCESS        /////////
LSMTREE >> ///////////////////////////////////////////////
LSMTREE >> 
LSMTREE >> 
LSMTREE >> ///////////////////////////////////////////////
LSMTREE >> /////////    COMPACTION PROCESS     ///////////
LSMTREE >> ///////////////////////////////////////////////
LSMTREE >> 
LSMTREE >> ///////////////////////////////////////////////
LSMTREE >> /////////    COMPACTION PROCESS     ///////////
LSMTREE >> ///////////////////////////////////////////////
LSMTREE >> 
LSMTREE >> level 1 has been sent for compaction...
LSMTREE >> number of ss tables in level 1 are : 2
LSMTREE >> ///////////////////////////////////////////////
LSMTREE >> /////////        READ PROCESS        /////////
LSMTREE >> ///////////////////////////////////////////////
LSMTREE >> 
LSMTREE >> ------ HEADER BLOCK -------
LSMTREE >> 
LSMTREE >> read 24 bytes of header data...
LSMTREE >> header block => data block offset : 24, index block offset : 239 meta data block offset : 275
LSMTREE >> 
LSMTREE >> ------ HEADER BLOCK -------
LSMTREE >> 
LSMTREE >> ------ INDEX BLOCK -------
LSMTREE >> 
LSMTREE >> reading index block from file, starting at index 239, with size 36
LSMTREE >> length of index block 6
LSMTREE >> 
LSMTREE >> min key 4 offset 0 
LSMTREE >> min key 11 offset 35 
LSMTREE >> min key 21 offset 70 
LSMTREE >> min key 33 offset 107 
LSMTREE >> min key 42 offset 142 
LSMTREE >> min key 49 offset 177 
LSMTREE >> 
LSMTREE >> ------ INDEX BLOCK -------
LSMTREE >> 
LSMTREE >> ------ META DATA BLOCK -------
LSMTREE >> 
LSMTREE >> reading meta data block...
LSMTREE >> 
LSMTREE >> min key : 4 max key : 60 
LSMTREE >> 
LSMTREE >> ------ META DATA BLOCK -------
LSMTREE >> 
LSMTREE >> ------ DATA PARTITION -------
LSMTREE >> 
LSMTREE >> starting to read data block from offset 24 until offset 59
LSMTREE >> 
LSMTREE >> key : 4 value d
LSMTREE >> key : 5 value e
LSMTREE >> key : 8 value h
LSMTREE >> key : 9 value i
LSMTREE >> key : 10 value j
LSMTREE >> 
LSMTREE >> ------ DATA PARTITION -------
LSMTREE >> 
LSMTREE >> ------ DATA PARTITION -------
LSMTREE >> 
LSMTREE >> starting to read data block from offset 59 until offset 94
LSMTREE >> 
LSMTREE >> key : 11 value k
LSMTREE >> key : 12 value l
LSMTREE >> key : 15 value o
LSMTREE >> key : 16 value p
LSMTREE >> key : 19 value s
LSMTREE >> 
LSMTREE >> ------ DATA PARTITION -------
LSMTREE >> 
LSMTREE >> ------ DATA PARTITION -------
LSMTREE >> 
LSMTREE >> starting to read data block from offset 94 until offset 131
LSMTREE >> 
LSMTREE >> key : 21 value u
LSMTREE >> key : 27 value aa
LSMTREE >> key : 30 value ad
LSMTREE >> key : 31 value a
LSMTREE >> key : 32 value b
LSMTREE >> 
LSMTREE >> ------ DATA PARTITION -------
LSMTREE >> 
LSMTREE >> ------ DATA PARTITION -------
LSMTREE >> 
LSMTREE >> starting to read data block from offset 131 until offset 166
LSMTREE >> 
LSMTREE >> key : 33 value c
LSMTREE >> key : 35 value e
LSMTREE >> key : 37 value g
LSMTREE >> key : 39 value i
LSMTREE >> key : 41 value k
LSMTREE >> 
LSMTREE >> ------ DATA PARTITION -------
LSMTREE >> 
LSMTREE >> ------ DATA PARTITION -------
LSMTREE >> 
LSMTREE >> starting to read data block from offset 166 until offset 201
LSMTREE >> 
LSMTREE >> key : 42 value l
LSMTREE >> key : 44 value n
LSMTREE >> key : 45 value o
LSMTREE >> key : 46 value p
LSMTREE >> key : 47 value q
LSMTREE >> 
LSMTREE >> ------ DATA PARTITION -------
LSMTREE >> 
LSMTREE >> ------ DATA PARTITION -------
LSMTREE >> 
LSMTREE >> starting to read data block from offset 201 until offset 239
LSMTREE >> 
LSMTREE >> key : 49 value s
LSMTREE >> key : 50 value t
LSMTREE >> key : 57 value aa
LSMTREE >> key : 59 value ac
LSMTREE >> key : 60 value ad
LSMTREE >> 
LSMTREE >> ------ DATA PARTITION -------
LSMTREE >> 
LSMTREE >> 
LSMTREE >> ///////////////////////////////////////////////
LSMTREE >> /////////        READ PROCESS        /////////
LSMTREE >> ///////////////////////////////////////////////
LSMTREE >> 
LSMTREE >> merged KV : [key:4 value:"d" key:5 value:"e" key:8 value:"h" key:9 value:"i" key:10 value:"j" key:11 value:"k" key:12 value:"l" key:15 value:"o" key:16 value:"p" key:19 value:"s" key:21 value:"u" key:27 value:"aa" key:30 value:"ad" key:31 value:"a" key:32 value:"b" key:33 value:"c" key:35 value:"e" key:37 value:"g" key:39 value:"i" key:41 value:"k" key:42 value:"l" key:44 value:"n" key:45 value:"o" key:46 value:"p" key:47 value:"q" key:49 value:"s" key:50 value:"t" key:57 value:"aa" key:59 value:"ac" key:60 value:"ad"]
LSMTREE >> ///////////////////////////////////////////////
LSMTREE >> /////////        READ PROCESS        /////////
LSMTREE >> ///////////////////////////////////////////////
LSMTREE >> 
LSMTREE >> ------ HEADER BLOCK -------
LSMTREE >> 
LSMTREE >> read 24 bytes of header data...
LSMTREE >> header block => data block offset : 24, index block offset : 237 meta data block offset : 273
LSMTREE >> 
LSMTREE >> ------ HEADER BLOCK -------
LSMTREE >> 
LSMTREE >> ------ INDEX BLOCK -------
LSMTREE >> 
LSMTREE >> reading index block from file, starting at index 237, with size 36
LSMTREE >> length of index block 6
LSMTREE >> 
LSMTREE >> min key 1 offset 0 
LSMTREE >> min key 13 offset 35 
LSMTREE >> min key 22 offset 70 
LSMTREE >> min key 28 offset 105 
LSMTREE >> min key 40 offset 142 
LSMTREE >> min key 53 offset 177 
LSMTREE >> 
LSMTREE >> ------ INDEX BLOCK -------
LSMTREE >> 
LSMTREE >> ------ META DATA BLOCK -------
LSMTREE >> 
LSMTREE >> reading meta data block...
LSMTREE >> 
LSMTREE >> min key : 1 max key : 58 
LSMTREE >> 
LSMTREE >> ------ META DATA BLOCK -------
LSMTREE >> 
LSMTREE >> ------ DATA PARTITION -------
LSMTREE >> 
LSMTREE >> starting to read data block from offset 24 until offset 59
LSMTREE >> 
LSMTREE >> key : 1 value a
LSMTREE >> key : 2 value b
LSMTREE >> key : 3 value c
LSMTREE >> key : 6 value f
LSMTREE >> key : 7 value g
LSMTREE >> 
LSMTREE >> ------ DATA PARTITION -------
LSMTREE >> 
LSMTREE >> ------ DATA PARTITION -------
LSMTREE >> 
LSMTREE >> starting to read data block from offset 59 until offset 94
LSMTREE >> 
LSMTREE >> key : 13 value m
LSMTREE >> key : 14 value n
LSMTREE >> key : 17 value q
LSMTREE >> key : 18 value r
LSMTREE >> key : 20 value t
LSMTREE >> 
LSMTREE >> ------ DATA PARTITION -------
LSMTREE >> 
LSMTREE >> ------ DATA PARTITION -------
LSMTREE >> 
LSMTREE >> starting to read data block from offset 94 until offset 129
LSMTREE >> 
LSMTREE >> key : 22 value v
LSMTREE >> key : 23 value w
LSMTREE >> key : 24 value x
LSMTREE >> key : 25 value y
LSMTREE >> key : 26 value z
LSMTREE >> 
LSMTREE >> ------ DATA PARTITION -------
LSMTREE >> 
LSMTREE >> ------ DATA PARTITION -------
LSMTREE >> 
LSMTREE >> starting to read data block from offset 129 until offset 166
LSMTREE >> 
LSMTREE >> key : 28 value ab
LSMTREE >> key : 29 value ac
LSMTREE >> key : 34 value d
LSMTREE >> key : 36 value f
LSMTREE >> key : 38 value h
LSMTREE >> 
LSMTREE >> ------ DATA PARTITION -------
LSMTREE >> 
LSMTREE >> ------ DATA PARTITION -------
LSMTREE >> 
LSMTREE >> starting to read data block from offset 166 until offset 201
LSMTREE >> 
LSMTREE >> key : 40 value j
LSMTREE >> key : 43 value m
LSMTREE >> key : 48 value r
LSMTREE >> key : 51 value u
LSMTREE >> key : 52 value v
LSMTREE >> 
LSMTREE >> ------ DATA PARTITION -------
LSMTREE >> 
LSMTREE >> ------ DATA PARTITION -------
LSMTREE >> 
LSMTREE >> starting to read data block from offset 201 until offset 237
LSMTREE >> 
LSMTREE >> key : 53 value w
LSMTREE >> key : 54 value x
LSMTREE >> key : 55 value y
LSMTREE >> key : 56 value z
LSMTREE >> key : 58 value ab
LSMTREE >> 
LSMTREE >> ------ DATA PARTITION -------
LSMTREE >> 
LSMTREE >> 
LSMTREE >> ///////////////////////////////////////////////
LSMTREE >> /////////        READ PROCESS        /////////
LSMTREE >> ///////////////////////////////////////////////
LSMTREE >> 
LSMTREE >> merged KV : [key:1 value:"a" key:2 value:"b" key:3 value:"c" key:4 value:"d" key:5 value:"e" key:6 value:"f" key:7 value:"g" key:8 value:"h" key:9 value:"i" key:10 value:"j" key:11 value:"k" key:12 value:"l" key:13 value:"m" key:14 value:"n" key:15 value:"o" key:16 value:"p" key:17 value:"q" key:18 value:"r" key:19 value:"s" key:20 value:"t" key:21 value:"u" key:22 value:"v" key:23 value:"w" key:24 value:"x" key:25 value:"y" key:26 value:"z" key:27 value:"aa" key:28 value:"ab" key:29 value:"ac" key:30 value:"ad" key:31 value:"a" key:32 value:"b" key:33 value:"c" key:34 value:"d" key:35 value:"e" key:36 value:"f" key:37 value:"g" key:38 value:"h" key:39 value:"i" key:40 value:"j" key:41 value:"k" key:42 value:"l" key:43 value:"m" key:44 value:"n" key:45 value:"o" key:46 value:"p" key:47 value:"q" key:48 value:"r" key:49 value:"s" key:50 value:"t" key:51 value:"u" key:52 value:"v" key:53 value:"w" key:54 value:"x" key:55 value:"y" key:56 value:"z" key:57 value:"aa" key:58 value:"ab" key:59 value:"ac" key:60 value:"ad"]
LSMTREE >> ///////////////////////////////////////////////
LSMTREE >> ////////        WRITE PROCESS        /////////
LSMTREE >> ///////////////////////////////////////////////
LSMTREE >> 
LSMTREE >> ------ DATA PARTITION -------
LSMTREE >> 
LSMTREE >> data partition => [key:1 value:"a" key:2 value:"b" key:3 value:"c" key:4 value:"d" key:5 value:"e"]
LSMTREE >> 
LSMTREE >> ------ DATA PARTITION -------
LSMTREE >> 
LSMTREE >> data block [key:1 value:"a" key:2 value:"b" key:3 value:"c" key:4 value:"d" key:5 value:"e"] with size 35
LSMTREE >> ------ DATA PARTITION -------
LSMTREE >> 
LSMTREE >> data partition => [key:6 value:"f" key:7 value:"g" key:8 value:"h" key:9 value:"i" key:10 value:"j"]
LSMTREE >> 
LSMTREE >> ------ DATA PARTITION -------
LSMTREE >> 
LSMTREE >> data block [key:6 value:"f" key:7 value:"g" key:8 value:"h" key:9 value:"i" key:10 value:"j"] with size 35
LSMTREE >> ------ DATA PARTITION -------
LSMTREE >> 
LSMTREE >> data partition => [key:11 value:"k" key:12 value:"l" key:13 value:"m" key:14 value:"n" key:15 value:"o"]
LSMTREE >> 
LSMTREE >> ------ DATA PARTITION -------
LSMTREE >> 
LSMTREE >> data block [key:11 value:"k" key:12 value:"l" key:13 value:"m" key:14 value:"n" key:15 value:"o"] with size 35
LSMTREE >> ------ DATA PARTITION -------
LSMTREE >> 
LSMTREE >> data partition => [key:16 value:"p" key:17 value:"q" key:18 value:"r" key:19 value:"s" key:20 value:"t"]
LSMTREE >> 
LSMTREE >> ------ DATA PARTITION -------
LSMTREE >> 
LSMTREE >> data block [key:16 value:"p" key:17 value:"q" key:18 value:"r" key:19 value:"s" key:20 value:"t"] with size 35
LSMTREE >> ------ DATA PARTITION -------
LSMTREE >> 
LSMTREE >> data partition => [key:21 value:"u" key:22 value:"v" key:23 value:"w" key:24 value:"x" key:25 value:"y"]
LSMTREE >> 
LSMTREE >> ------ DATA PARTITION -------
LSMTREE >> 
LSMTREE >> data block [key:21 value:"u" key:22 value:"v" key:23 value:"w" key:24 value:"x" key:25 value:"y"] with size 35
LSMTREE >> ------ DATA PARTITION -------
LSMTREE >> 
LSMTREE >> data partition => [key:26 value:"z" key:27 value:"aa" key:28 value:"ab" key:29 value:"ac" key:30 value:"ad"]
LSMTREE >> 
LSMTREE >> ------ DATA PARTITION -------
LSMTREE >> 
LSMTREE >> data block [key:26 value:"z" key:27 value:"aa" key:28 value:"ab" key:29 value:"ac" key:30 value:"ad"] with size 39
LSMTREE >> ------ DATA PARTITION -------
LSMTREE >> 
LSMTREE >> data partition => [key:31 value:"a" key:32 value:"b" key:33 value:"c" key:34 value:"d" key:35 value:"e"]
LSMTREE >> 
LSMTREE >> ------ DATA PARTITION -------
LSMTREE >> 
LSMTREE >> data block [key:31 value:"a" key:32 value:"b" key:33 value:"c" key:34 value:"d" key:35 value:"e"] with size 35
LSMTREE >> ------ DATA PARTITION -------
LSMTREE >> 
LSMTREE >> data partition => [key:36 value:"f" key:37 value:"g" key:38 value:"h" key:39 value:"i" key:40 value:"j"]
LSMTREE >> 
LSMTREE >> ------ DATA PARTITION -------
LSMTREE >> 
LSMTREE >> data block [key:36 value:"f" key:37 value:"g" key:38 value:"h" key:39 value:"i" key:40 value:"j"] with size 35
LSMTREE >> ------ DATA PARTITION -------
LSMTREE >> 
LSMTREE >> data partition => [key:41 value:"k" key:42 value:"l" key:43 value:"m" key:44 value:"n" key:45 value:"o"]
LSMTREE >> 
LSMTREE >> ------ DATA PARTITION -------
LSMTREE >> 
LSMTREE >> data block [key:41 value:"k" key:42 value:"l" key:43 value:"m" key:44 value:"n" key:45 value:"o"] with size 35
LSMTREE >> ------ DATA PARTITION -------
LSMTREE >> 
LSMTREE >> data partition => [key:46 value:"p" key:47 value:"q" key:48 value:"r" key:49 value:"s" key:50 value:"t"]
LSMTREE >> 
LSMTREE >> ------ DATA PARTITION -------
LSMTREE >> 
LSMTREE >> data block [key:46 value:"p" key:47 value:"q" key:48 value:"r" key:49 value:"s" key:50 value:"t"] with size 35
LSMTREE >> ------ DATA PARTITION -------
LSMTREE >> 
LSMTREE >> data partition => [key:51 value:"u" key:52 value:"v" key:53 value:"w" key:54 value:"x" key:55 value:"y"]
LSMTREE >> 
LSMTREE >> ------ DATA PARTITION -------
LSMTREE >> 
LSMTREE >> data block [key:51 value:"u" key:52 value:"v" key:53 value:"w" key:54 value:"x" key:55 value:"y"] with size 35
LSMTREE >> ------ DATA PARTITION -------
LSMTREE >> 
LSMTREE >> data partition => [key:56 value:"z" key:57 value:"aa" key:58 value:"ab" key:59 value:"ac" key:60 value:"ad"]
LSMTREE >> 
LSMTREE >> ------ DATA PARTITION -------
LSMTREE >> 
LSMTREE >> data block [key:56 value:"z" key:57 value:"aa" key:58 value:"ab" key:59 value:"ac" key:60 value:"ad"] with size 39
LSMTREE >> ------ INDEX BLOCK -------
LSMTREE >> 
LSMTREE >> index block min key : 1 offset : 0
LSMTREE >> index block min key : 6 offset : 35
LSMTREE >> index block min key : 11 offset : 70
LSMTREE >> index block min key : 16 offset : 105
LSMTREE >> index block min key : 21 offset : 140
LSMTREE >> index block min key : 26 offset : 175
LSMTREE >> index block min key : 31 offset : 214
LSMTREE >> index block min key : 36 offset : 249
LSMTREE >> index block min key : 41 offset : 284
LSMTREE >> index block min key : 46 offset : 319
LSMTREE >> index block min key : 51 offset : 354
LSMTREE >> index block min key : 56 offset : 389
LSMTREE >> 
LSMTREE >> ------ INDEX BLOCK -------
LSMTREE >> 
LSMTREE >> ------ META DATA BLOCK -------
LSMTREE >> 
LSMTREE >> meta data block => MinKey:1 MaxKey:60
LSMTREE >> 
LSMTREE >> ------ META DATA BLOCK -------
LSMTREE >> 
LSMTREE >> ------ HEADER BLOCK -------
LSMTREE >> 
LSMTREE >> wrote 24 bytes to header block...
LSMTREE >> 
LSMTREE >> header block => &{24 452 530}
LSMTREE >> 
LSMTREE >> ------ HEADER BLOCK -------
LSMTREE >> 
LSMTREE >> 
LSMTREE >> ///////////////////////////////////////////////
LSMTREE >> ////////        WRITE PROCESS        /////////
LSMTREE >> ///////////////////////////////////////////////
LSMTREE >> 
LSMTREE >> after compaction level 2 now has 1 sstables.. 
LSMTREE >> 
LSMTREE >> 
LSMTREE >> reading merged sstable..
LSMTREE >> ///////////////////////////////////////////////
LSMTREE >> /////////        READ PROCESS        /////////
LSMTREE >> ///////////////////////////////////////////////
LSMTREE >> 
LSMTREE >> ------ HEADER BLOCK -------
LSMTREE >> 
LSMTREE >> read 24 bytes of header data...
LSMTREE >> header block => data block offset : 24, index block offset : 452 meta data block offset : 530
LSMTREE >> 
LSMTREE >> ------ HEADER BLOCK -------
LSMTREE >> 
LSMTREE >> ------ INDEX BLOCK -------
LSMTREE >> 
LSMTREE >> reading index block from file, starting at index 452, with size 78
LSMTREE >> length of index block 12
LSMTREE >> 
LSMTREE >> min key 1 offset 0 
LSMTREE >> min key 6 offset 35 
LSMTREE >> min key 11 offset 70 
LSMTREE >> min key 16 offset 105 
LSMTREE >> min key 21 offset 140 
LSMTREE >> min key 26 offset 175 
LSMTREE >> min key 31 offset 214 
LSMTREE >> min key 36 offset 249 
LSMTREE >> min key 41 offset 284 
LSMTREE >> min key 46 offset 319 
LSMTREE >> min key 51 offset 354 
LSMTREE >> min key 56 offset 389 
LSMTREE >> 
LSMTREE >> ------ INDEX BLOCK -------
LSMTREE >> 
LSMTREE >> ------ META DATA BLOCK -------
LSMTREE >> 
LSMTREE >> reading meta data block...
LSMTREE >> 
LSMTREE >> min key : 1 max key : 60 
LSMTREE >> 
LSMTREE >> ------ META DATA BLOCK -------
LSMTREE >> 
LSMTREE >> ------ DATA PARTITION -------
LSMTREE >> 
LSMTREE >> starting to read data block from offset 24 until offset 59
LSMTREE >> 
LSMTREE >> key : 1 value a
LSMTREE >> key : 2 value b
LSMTREE >> key : 3 value c
LSMTREE >> key : 4 value d
LSMTREE >> key : 5 value e
LSMTREE >> 
LSMTREE >> ------ DATA PARTITION -------
LSMTREE >> 
LSMTREE >> ------ DATA PARTITION -------
LSMTREE >> 
LSMTREE >> starting to read data block from offset 59 until offset 94
LSMTREE >> 
LSMTREE >> key : 6 value f
LSMTREE >> key : 7 value g
LSMTREE >> key : 8 value h
LSMTREE >> key : 9 value i
LSMTREE >> key : 10 value j
LSMTREE >> 
LSMTREE >> ------ DATA PARTITION -------
LSMTREE >> 
LSMTREE >> ------ DATA PARTITION -------
LSMTREE >> 
LSMTREE >> starting to read data block from offset 94 until offset 129
LSMTREE >> 
LSMTREE >> key : 11 value k
LSMTREE >> key : 12 value l
LSMTREE >> key : 13 value m
LSMTREE >> key : 14 value n
LSMTREE >> key : 15 value o
LSMTREE >> 
LSMTREE >> ------ DATA PARTITION -------
LSMTREE >> 
LSMTREE >> ------ DATA PARTITION -------
LSMTREE >> 
LSMTREE >> starting to read data block from offset 129 until offset 164
LSMTREE >> 
LSMTREE >> key : 16 value p
LSMTREE >> key : 17 value q
LSMTREE >> key : 18 value r
LSMTREE >> key : 19 value s
LSMTREE >> key : 20 value t
LSMTREE >> 
LSMTREE >> ------ DATA PARTITION -------
LSMTREE >> 
LSMTREE >> ------ DATA PARTITION -------
LSMTREE >> 
LSMTREE >> starting to read data block from offset 164 until offset 199
LSMTREE >> 
LSMTREE >> key : 21 value u
LSMTREE >> key : 22 value v
LSMTREE >> key : 23 value w
LSMTREE >> key : 24 value x
LSMTREE >> key : 25 value y
LSMTREE >> 
LSMTREE >> ------ DATA PARTITION -------
LSMTREE >> 
LSMTREE >> ------ DATA PARTITION -------
LSMTREE >> 
LSMTREE >> starting to read data block from offset 199 until offset 238
LSMTREE >> 
LSMTREE >> key : 26 value z
LSMTREE >> key : 27 value aa
LSMTREE >> key : 28 value ab
LSMTREE >> key : 29 value ac
LSMTREE >> key : 30 value ad
LSMTREE >> 
LSMTREE >> ------ DATA PARTITION -------
LSMTREE >> 
LSMTREE >> ------ DATA PARTITION -------
LSMTREE >> 
LSMTREE >> starting to read data block from offset 238 until offset 273
LSMTREE >> 
LSMTREE >> key : 31 value a
LSMTREE >> key : 32 value b
LSMTREE >> key : 33 value c
LSMTREE >> key : 34 value d
LSMTREE >> key : 35 value e
LSMTREE >> 
LSMTREE >> ------ DATA PARTITION -------
LSMTREE >> 
LSMTREE >> ------ DATA PARTITION -------
LSMTREE >> 
LSMTREE >> starting to read data block from offset 273 until offset 308
LSMTREE >> 
LSMTREE >> key : 36 value f
LSMTREE >> key : 37 value g
LSMTREE >> key : 38 value h
LSMTREE >> key : 39 value i
LSMTREE >> key : 40 value j
LSMTREE >> 
LSMTREE >> ------ DATA PARTITION -------
LSMTREE >> 
LSMTREE >> ------ DATA PARTITION -------
LSMTREE >> 
LSMTREE >> starting to read data block from offset 308 until offset 343
LSMTREE >> 
LSMTREE >> key : 41 value k
LSMTREE >> key : 42 value l
LSMTREE >> key : 43 value m
LSMTREE >> key : 44 value n
LSMTREE >> key : 45 value o
LSMTREE >> 
LSMTREE >> ------ DATA PARTITION -------
LSMTREE >> 
LSMTREE >> ------ DATA PARTITION -------
LSMTREE >> 
LSMTREE >> starting to read data block from offset 343 until offset 378
LSMTREE >> 
LSMTREE >> key : 46 value p
LSMTREE >> key : 47 value q
LSMTREE >> key : 48 value r
LSMTREE >> key : 49 value s
LSMTREE >> key : 50 value t
LSMTREE >> 
LSMTREE >> ------ DATA PARTITION -------
LSMTREE >> 
LSMTREE >> ------ DATA PARTITION -------
LSMTREE >> 
LSMTREE >> starting to read data block from offset 378 until offset 413
LSMTREE >> 
LSMTREE >> key : 51 value u
LSMTREE >> key : 52 value v
LSMTREE >> key : 53 value w
LSMTREE >> key : 54 value x
LSMTREE >> key : 55 value y
LSMTREE >> 
LSMTREE >> ------ DATA PARTITION -------
LSMTREE >> 
LSMTREE >> ------ DATA PARTITION -------
LSMTREE >> 
LSMTREE >> starting to read data block from offset 413 until offset 452
LSMTREE >> 
LSMTREE >> key : 56 value z
LSMTREE >> key : 57 value aa
LSMTREE >> key : 58 value ab
LSMTREE >> key : 59 value ac
LSMTREE >> key : 60 value ad
LSMTREE >> 
LSMTREE >> ------ DATA PARTITION -------
LSMTREE >> 
LSMTREE >> 
LSMTREE >> ///////////////////////////////////////////////
LSMTREE >> /////////        READ PROCESS        /////////
LSMTREE >> ///////////////////////////////////////////////
LSMTREE >> 
LSMTREE >> 
LSMTREE >> ///////////////////////////////////////////////
LSMTREE >> /////////    COMPACTION PROCESS     ///////////
LSMTREE >> ///////////////////////////////////////////////
LSMTREE >> 
LSMTREE >> setup complete
