LSMTREE >> -------- DISPLAY SKIP LIST --------
LSMTREE >> SkipList max level 0 : 
LSMTREE >> key : -9223372036854775808 value : sentinel maximum level reached : 0
LSMTREE >> key : 9 value : i maximum level reached : 4
LSMTREE >> -----------------------------------
LSMTREE >> -------- DISPLAY SKIP LIST --------
LSMTREE >> SkipList max level 0 : 
LSMTREE >> key : -9223372036854775808 value : sentinel maximum level reached : 0
LSMTREE >> key : 9 value : i maximum level reached : 4
LSMTREE >> key : 39 value : i maximum level reached : 2
LSMTREE >> -----------------------------------
LSMTREE >> -------- DISPLAY SKIP LIST --------
LSMTREE >> SkipList max level 0 : 
LSMTREE >> key : -9223372036854775808 value : sentinel maximum level reached : 0
LSMTREE >> key : 9 value : i maximum level reached : 4
LSMTREE >> key : 39 value : i maximum level reached : 2
LSMTREE >> key : 41 value : k maximum level reached : 0
LSMTREE >> -----------------------------------
LSMTREE >> -------- DISPLAY SKIP LIST --------
LSMTREE >> SkipList max level 0 : 
LSMTREE >> key : -9223372036854775808 value : sentinel maximum level reached : 0
LSMTREE >> key : 9 value : i maximum level reached : 4
LSMTREE >> key : 39 value : i maximum level reached : 2
LSMTREE >> key : 41 value : k maximum level reached : 0
LSMTREE >> key : 55 value : y maximum level reached : 0
LSMTREE >> -----------------------------------
LSMTREE >> -------- DISPLAY SKIP LIST --------
LSMTREE >> SkipList max level 0 : 
LSMTREE >> key : -9223372036854775808 value : sentinel maximum level reached : 0
LSMTREE >> key : 9 value : i maximum level reached : 4
LSMTREE >> key : 25 value : y maximum level reached : 1
LSMTREE >> key : 39 value : i maximum level reached : 2
LSMTREE >> key : 41 value : k maximum level reached : 0
LSMTREE >> key : 55 value : y maximum level reached : 0
LSMTREE >> -----------------------------------
LSMTREE >> -------- DISPLAY SKIP LIST --------
LSMTREE >> SkipList max level 0 : 
LSMTREE >> key : -9223372036854775808 value : sentinel maximum level reached : 0
LSMTREE >> key : 9 value : i maximum level reached : 4
LSMTREE >> key : 25 value : y maximum level reached : 1
LSMTREE >> key : 34 value : d maximum level reached : 0
LSMTREE >> key : 39 value : i maximum level reached : 2
LSMTREE >> key : 41 value : k maximum level reached : 0
LSMTREE >> key : 55 value : y maximum level reached : 0
LSMTREE >> -----------------------------------
LSMTREE >> -------- DISPLAY SKIP LIST --------
LSMTREE >> SkipList max level 0 : 
LSMTREE >> key : -9223372036854775808 value : sentinel maximum level reached : 0
LSMTREE >> key : 7 value : g maximum level reached : 2
LSMTREE >> key : 9 value : i maximum level reached : 4
LSMTREE >> key : 25 value : y maximum level reached : 1
LSMTREE >> key : 34 value : d maximum level reached : 0
LSMTREE >> key : 39 value : i maximum level reached : 2
LSMTREE >> key : 41 value : k maximum level reached : 0
LSMTREE >> key : 55 value : y maximum level reached : 0
LSMTREE >> -----------------------------------
LSMTREE >> -------- DISPLAY SKIP LIST --------
LSMTREE >> SkipList max level 0 : 
LSMTREE >> key : -9223372036854775808 value : sentinel maximum level reached : 0
LSMTREE >> key : 7 value : g maximum level reached : 2
LSMTREE >> key : 9 value : i maximum level reached : 4
LSMTREE >> key : 11 value : k maximum level reached : 0
LSMTREE >> key : 25 value : y maximum level reached : 1
LSMTREE >> key : 34 value : d maximum level reached : 0
LSMTREE >> key : 39 value : i maximum level reached : 2
LSMTREE >> key : 41 value : k maximum level reached : 0
LSMTREE >> key : 55 value : y maximum level reached : 0
LSMTREE >> -----------------------------------
LSMTREE >> -------- DISPLAY SKIP LIST --------
LSMTREE >> SkipList max level 0 : 
LSMTREE >> key : -9223372036854775808 value : sentinel maximum level reached : 0
LSMTREE >> key : 7 value : g maximum level reached : 2
LSMTREE >> key : 9 value : i maximum level reached : 4
LSMTREE >> key : 11 value : k maximum level reached : 0
LSMTREE >> key : 25 value : y maximum level reached : 1
LSMTREE >> key : 34 value : d maximum level reached : 0
LSMTREE >> key : 39 value : i maximum level reached : 2
LSMTREE >> key : 41 value : k maximum level reached : 0
LSMTREE >> key : 52 value : v maximum level reached : 0
LSMTREE >> key : 55 value : y maximum level reached : 0
LSMTREE >> -----------------------------------
LSMTREE >> -------- DISPLAY SKIP LIST --------
LSMTREE >> SkipList max level 0 : 
LSMTREE >> key : -9223372036854775808 value : sentinel maximum level reached : 0
LSMTREE >> key : 7 value : g maximum level reached : 2
LSMTREE >> key : 9 value : i maximum level reached : 4
LSMTREE >> key : 11 value : k maximum level reached : 0
LSMTREE >> key : 12 value : l maximum level reached : 0
LSMTREE >> key : 25 value : y maximum level reached : 1
LSMTREE >> key : 34 value : d maximum level reached : 0
LSMTREE >> key : 39 value : i maximum level reached : 2
LSMTREE >> key : 41 value : k maximum level reached : 0
LSMTREE >> key : 52 value : v maximum level reached : 0
LSMTREE >> key : 55 value : y maximum level reached : 0
LSMTREE >> -----------------------------------
LSMTREE >> -------- DISPLAY SKIP LIST --------
LSMTREE >> SkipList max level 0 : 
LSMTREE >> key : -9223372036854775808 value : sentinel maximum level reached : 0
LSMTREE >> key : 14 value : n maximum level reached : 0
LSMTREE >> -----------------------------------
LSMTREE >> -------- DISPLAY SKIP LIST --------
LSMTREE >> SkipList max level 0 : 
LSMTREE >> key : -9223372036854775808 value : sentinel maximum level reached : 0
LSMTREE >> key : 14 value : n maximum level reached : 0
LSMTREE >> key : 27 value : aa maximum level reached : 1
LSMTREE >> -----------------------------------
LSMTREE >> -------- DISPLAY SKIP LIST --------
LSMTREE >> SkipList max level 0 : 
LSMTREE >> key : -9223372036854775808 value : sentinel maximum level reached : 0
LSMTREE >> key : 14 value : n maximum level reached : 0
LSMTREE >> key : 27 value : aa maximum level reached : 1
LSMTREE >> key : 32 value : b maximum level reached : 0
LSMTREE >> -----------------------------------
LSMTREE >> -------- DISPLAY SKIP LIST --------
LSMTREE >> SkipList max level 0 : 
LSMTREE >> key : -9223372036854775808 value : sentinel maximum level reached : 0
LSMTREE >> key : 14 value : n maximum level reached : 0
LSMTREE >> key : 27 value : aa maximum level reached : 1
LSMTREE >> key : 32 value : b maximum level reached : 0
LSMTREE >> key : 53 value : w maximum level reached : 0
LSMTREE >> -----------------------------------
LSMTREE >> -------- DISPLAY SKIP LIST --------
LSMTREE >> SkipList max level 0 : 
LSMTREE >> key : -9223372036854775808 value : sentinel maximum level reached : 0
LSMTREE >> key : 14 value : n maximum level reached : 0
LSMTREE >> key : 15 value : o maximum level reached : 1
LSMTREE >> key : 27 value : aa maximum level reached : 1
LSMTREE >> key : 32 value : b maximum level reached : 0
LSMTREE >> key : 53 value : w maximum level reached : 0
LSMTREE >> -----------------------------------
LSMTREE >> -------- DISPLAY SKIP LIST --------
LSMTREE >> SkipList max level 0 : 
LSMTREE >> key : -9223372036854775808 value : sentinel maximum level reached : 0
LSMTREE >> key : 14 value : n maximum level reached : 0
LSMTREE >> key : 15 value : o maximum level reached : 1
LSMTREE >> key : 27 value : aa maximum level reached : 1
LSMTREE >> key : 32 value : b maximum level reached : 0
LSMTREE >> key : 46 value : p maximum level reached : 0
LSMTREE >> key : 53 value : w maximum level reached : 0
LSMTREE >> -----------------------------------
LSMTREE >> -------- DISPLAY SKIP LIST --------
LSMTREE >> SkipList max level 0 : 
LSMTREE >> key : -9223372036854775808 value : sentinel maximum level reached : 0
LSMTREE >> key : 14 value : n maximum level reached : 0
LSMTREE >> key : 15 value : o maximum level reached : 1
LSMTREE >> key : 27 value : aa maximum level reached : 1
LSMTREE >> key : 32 value : b maximum level reached : 0
LSMTREE >> key : 46 value : p maximum level reached : 0
LSMTREE >> key : 47 value : q maximum level reached : 2
LSMTREE >> key : 53 value : w maximum level reached : 0
LSMTREE >> -----------------------------------
LSMTREE >> -------- DISPLAY SKIP LIST --------
LSMTREE >> SkipList max level 0 : 
LSMTREE >> key : -9223372036854775808 value : sentinel maximum level reached : 0
LSMTREE >> key : 14 value : n maximum level reached : 0
LSMTREE >> key : 15 value : o maximum level reached : 1
LSMTREE >> key : 27 value : aa maximum level reached : 1
LSMTREE >> key : 32 value : b maximum level reached : 0
LSMTREE >> key : 46 value : p maximum level reached : 0
LSMTREE >> key : 47 value : q maximum level reached : 2
LSMTREE >> key : 49 value : s maximum level reached : 1
LSMTREE >> key : 53 value : w maximum level reached : 0
LSMTREE >> -----------------------------------
LSMTREE >> -------- DISPLAY SKIP LIST --------
LSMTREE >> SkipList max level 0 : 
LSMTREE >> key : -9223372036854775808 value : sentinel maximum level reached : 0
LSMTREE >> key : 14 value : n maximum level reached : 0
LSMTREE >> key : 15 value : o maximum level reached : 1
LSMTREE >> key : 27 value : aa maximum level reached : 1
LSMTREE >> key : 32 value : b maximum level reached : 0
LSMTREE >> key : 46 value : p maximum level reached : 0
LSMTREE >> key : 47 value : q maximum level reached : 2
LSMTREE >> key : 49 value : s maximum level reached : 1
LSMTREE >> key : 53 value : w maximum level reached : 0
LSMTREE >> key : 57 value : aa maximum level reached : 1
LSMTREE >> -----------------------------------
LSMTREE >> -------- DISPLAY SKIP LIST --------
LSMTREE >> SkipList max level 0 : 
LSMTREE >> key : -9223372036854775808 value : sentinel maximum level reached : 0
LSMTREE >> key : 13 value : m maximum level reached : 3
LSMTREE >> key : 14 value : n maximum level reached : 0
LSMTREE >> key : 15 value : o maximum level reached : 1
LSMTREE >> key : 27 value : aa maximum level reached : 1
LSMTREE >> key : 32 value : b maximum level reached : 0
LSMTREE >> key : 46 value : p maximum level reached : 0
LSMTREE >> key : 47 value : q maximum level reached : 2
LSMTREE >> key : 49 value : s maximum level reached : 1
LSMTREE >> key : 53 value : w maximum level reached : 0
LSMTREE >> key : 57 value : aa maximum level reached : 1
LSMTREE >> -----------------------------------
LSMTREE >> -------- DISPLAY SKIP LIST --------
LSMTREE >> SkipList max level 0 : 
LSMTREE >> key : -9223372036854775808 value : sentinel maximum level reached : 0
LSMTREE >> key : 38 value : h maximum level reached : 0
LSMTREE >> -----------------------------------
LSMTREE >> -------- DISPLAY SKIP LIST --------
LSMTREE >> SkipList max level 0 : 
LSMTREE >> key : -9223372036854775808 value : sentinel maximum level reached : 0
LSMTREE >> key : 38 value : h maximum level reached : 0
LSMTREE >> key : 56 value : z maximum level reached : 0
LSMTREE >> -----------------------------------
LSMTREE >> -------- DISPLAY SKIP LIST --------
LSMTREE >> SkipList max level 0 : 
LSMTREE >> key : -9223372036854775808 value : sentinel maximum level reached : 0
LSMTREE >> key : 4 value : d maximum level reached : 0
LSMTREE >> key : 38 value : h maximum level reached : 0
LSMTREE >> key : 56 value : z maximum level reached : 0
LSMTREE >> -----------------------------------
LSMTREE >> -------- DISPLAY SKIP LIST --------
LSMTREE >> SkipList max level 0 : 
LSMTREE >> key : -9223372036854775808 value : sentinel maximum level reached : 0
LSMTREE >> key : 4 value : d maximum level reached : 0
LSMTREE >> key : 19 value : s maximum level reached : 2
LSMTREE >> key : 38 value : h maximum level reached : 0
LSMTREE >> key : 56 value : z maximum level reached : 0
LSMTREE >> -----------------------------------
LSMTREE >> -------- DISPLAY SKIP LIST --------
LSMTREE >> SkipList max level 0 : 
LSMTREE >> key : -9223372036854775808 value : sentinel maximum level reached : 0
LSMTREE >> key : 2 value : b maximum level reached : 2
LSMTREE >> key : 4 value : d maximum level reached : 0
LSMTREE >> key : 19 value : s maximum level reached : 2
LSMTREE >> key : 38 value : h maximum level reached : 0
LSMTREE >> key : 56 value : z maximum level reached : 0
LSMTREE >> -----------------------------------
LSMTREE >> -------- DISPLAY SKIP LIST --------
LSMTREE >> SkipList max level 0 : 
LSMTREE >> key : -9223372036854775808 value : sentinel maximum level reached : 0
LSMTREE >> key : 2 value : b maximum level reached : 2
LSMTREE >> key : 4 value : d maximum level reached : 0
LSMTREE >> key : 19 value : s maximum level reached : 2
LSMTREE >> key : 21 value : u maximum level reached : 0
LSMTREE >> key : 38 value : h maximum level reached : 0
LSMTREE >> key : 56 value : z maximum level reached : 0
LSMTREE >> -----------------------------------
LSMTREE >> -------- DISPLAY SKIP LIST --------
LSMTREE >> SkipList max level 0 : 
LSMTREE >> key : -9223372036854775808 value : sentinel maximum level reached : 0
LSMTREE >> key : 2 value : b maximum level reached : 2
LSMTREE >> key : 4 value : d maximum level reached : 0
LSMTREE >> key : 19 value : s maximum level reached : 2
LSMTREE >> key : 21 value : u maximum level reached : 0
LSMTREE >> key : 23 value : w maximum level reached : 7
LSMTREE >> key : 38 value : h maximum level reached : 0
LSMTREE >> key : 56 value : z maximum level reached : 0
LSMTREE >> -----------------------------------
LSMTREE >> -------- DISPLAY SKIP LIST --------
LSMTREE >> SkipList max level 0 : 
LSMTREE >> key : -9223372036854775808 value : sentinel maximum level reached : 0
LSMTREE >> key : 2 value : b maximum level reached : 2
LSMTREE >> key : 4 value : d maximum level reached : 0
LSMTREE >> key : 19 value : s maximum level reached : 2
LSMTREE >> key : 21 value : u maximum level reached : 0
LSMTREE >> key : 23 value : w maximum level reached : 7
LSMTREE >> key : 28 value : ab maximum level reached : 0
LSMTREE >> key : 38 value : h maximum level reached : 0
LSMTREE >> key : 56 value : z maximum level reached : 0
LSMTREE >> -----------------------------------
LSMTREE >> -------- DISPLAY SKIP LIST --------
LSMTREE >> SkipList max level 0 : 
LSMTREE >> key : -9223372036854775808 value : sentinel maximum level reached : 0
LSMTREE >> key : 2 value : b maximum level reached : 2
LSMTREE >> key : 4 value : d maximum level reached : 0
LSMTREE >> key : 19 value : s maximum level reached : 2
LSMTREE >> key : 21 value : u maximum level reached : 0
LSMTREE >> key : 23 value : w maximum level reached : 7
LSMTREE >> key : 28 value : ab maximum level reached : 0
LSMTREE >> key : 38 value : h maximum level reached : 0
LSMTREE >> key : 54 value : x maximum level reached : 1
LSMTREE >> key : 56 value : z maximum level reached : 0
LSMTREE >> -----------------------------------
LSMTREE >> -------- DISPLAY SKIP LIST --------
LSMTREE >> SkipList max level 0 : 
LSMTREE >> key : -9223372036854775808 value : sentinel maximum level reached : 0
LSMTREE >> key : 2 value : b maximum level reached : 2
LSMTREE >> key : 3 value : c maximum level reached : 1
LSMTREE >> key : 4 value : d maximum level reached : 0
LSMTREE >> key : 19 value : s maximum level reached : 2
LSMTREE >> key : 21 value : u maximum level reached : 0
LSMTREE >> key : 23 value : w maximum level reached : 7
LSMTREE >> key : 28 value : ab maximum level reached : 0
LSMTREE >> key : 38 value : h maximum level reached : 0
LSMTREE >> key : 54 value : x maximum level reached : 1
LSMTREE >> key : 56 value : z maximum level reached : 0
LSMTREE >> -----------------------------------
LSMTREE >> -------- DISPLAY SKIP LIST --------
LSMTREE >> SkipList max level 0 : 
LSMTREE >> key : -9223372036854775808 value : sentinel maximum level reached : 0
LSMTREE >> key : 26 value : z maximum level reached : 1
LSMTREE >> -----------------------------------
LSMTREE >> -------- DISPLAY SKIP LIST --------
LSMTREE >> SkipList max level 0 : 
LSMTREE >> key : -9223372036854775808 value : sentinel maximum level reached : 0
LSMTREE >> key : 26 value : z maximum level reached : 1
LSMTREE >> key : 58 value : ab maximum level reached : 0
LSMTREE >> -----------------------------------
LSMTREE >> -------- DISPLAY SKIP LIST --------
LSMTREE >> SkipList max level 0 : 
LSMTREE >> key : -9223372036854775808 value : sentinel maximum level reached : 0
LSMTREE >> key : 6 value : f maximum level reached : 0
LSMTREE >> key : 26 value : z maximum level reached : 1
LSMTREE >> key : 58 value : ab maximum level reached : 0
LSMTREE >> -----------------------------------
LSMTREE >> -------- DISPLAY SKIP LIST --------
LSMTREE >> SkipList max level 0 : 
LSMTREE >> key : -9223372036854775808 value : sentinel maximum level reached : 0
LSMTREE >> key : 6 value : f maximum level reached : 0
LSMTREE >> key : 10 value : j maximum level reached : 0
LSMTREE >> key : 26 value : z maximum level reached : 1
LSMTREE >> key : 58 value : ab maximum level reached : 0
LSMTREE >> -----------------------------------
LSMTREE >> -------- DISPLAY SKIP LIST --------
LSMTREE >> SkipList max level 0 : 
LSMTREE >> key : -9223372036854775808 value : sentinel maximum level reached : 0
LSMTREE >> key : 6 value : f maximum level reached : 0
LSMTREE >> key : 10 value : j maximum level reached : 0
LSMTREE >> key : 17 value : q maximum level reached : 0
LSMTREE >> key : 26 value : z maximum level reached : 1
LSMTREE >> key : 58 value : ab maximum level reached : 0
LSMTREE >> -----------------------------------
LSMTREE >> -------- DISPLAY SKIP LIST --------
LSMTREE >> SkipList max level 0 : 
LSMTREE >> key : -9223372036854775808 value : sentinel maximum level reached : 0
LSMTREE >> key : 6 value : f maximum level reached : 0
LSMTREE >> key : 10 value : j maximum level reached : 0
LSMTREE >> key : 17 value : q maximum level reached : 0
LSMTREE >> key : 26 value : z maximum level reached : 1
LSMTREE >> key : 40 value : j maximum level reached : 3
LSMTREE >> key : 58 value : ab maximum level reached : 0
LSMTREE >> -----------------------------------
LSMTREE >> -------- DISPLAY SKIP LIST --------
LSMTREE >> SkipList max level 0 : 
LSMTREE >> key : -9223372036854775808 value : sentinel maximum level reached : 0
LSMTREE >> key : 6 value : f maximum level reached : 0
LSMTREE >> key : 10 value : j maximum level reached : 0
LSMTREE >> key : 17 value : q maximum level reached : 0
LSMTREE >> key : 26 value : z maximum level reached : 1
LSMTREE >> key : 33 value : c maximum level reached : 0
LSMTREE >> key : 40 value : j maximum level reached : 3
LSMTREE >> key : 58 value : ab maximum level reached : 0
LSMTREE >> -----------------------------------
LSMTREE >> -------- DISPLAY SKIP LIST --------
LSMTREE >> SkipList max level 0 : 
LSMTREE >> key : -9223372036854775808 value : sentinel maximum level reached : 0
LSMTREE >> key : 6 value : f maximum level reached : 0
LSMTREE >> key : 10 value : j maximum level reached : 0
LSMTREE >> key : 17 value : q maximum level reached : 0
LSMTREE >> key : 26 value : z maximum level reached : 1
LSMTREE >> key : 33 value : c maximum level reached : 0
LSMTREE >> key : 40 value : j maximum level reached : 3
LSMTREE >> key : 43 value : m maximum level reached : 2
LSMTREE >> key : 58 value : ab maximum level reached : 0
LSMTREE >> -----------------------------------
LSMTREE >> -------- DISPLAY SKIP LIST --------
LSMTREE >> SkipList max level 0 : 
LSMTREE >> key : -9223372036854775808 value : sentinel maximum level reached : 0
LSMTREE >> key : 6 value : f maximum level reached : 0
LSMTREE >> key : 10 value : j maximum level reached : 0
LSMTREE >> key : 17 value : q maximum level reached : 0
LSMTREE >> key : 26 value : z maximum level reached : 1
LSMTREE >> key : 33 value : c maximum level reached : 0
LSMTREE >> key : 40 value : j maximum level reached : 3
LSMTREE >> key : 43 value : m maximum level reached : 2
LSMTREE >> key : 50 value : t maximum level reached : 0
LSMTREE >> key : 58 value : ab maximum level reached : 0
LSMTREE >> -----------------------------------
LSMTREE >> -------- DISPLAY SKIP LIST --------
LSMTREE >> SkipList max level 0 : 
LSMTREE >> key : -9223372036854775808 value : sentinel maximum level reached : 0
LSMTREE >> key : 1 value : a maximum level reached : 3
LSMTREE >> key : 6 value : f maximum level reached : 0
LSMTREE >> key : 10 value : j maximum level reached : 0
LSMTREE >> key : 17 value : q maximum level reached : 0
LSMTREE >> key : 26 value : z maximum level reached : 1
LSMTREE >> key : 33 value : c maximum level reached : 0
LSMTREE >> key : 40 value : j maximum level reached : 3
LSMTREE >> key : 43 value : m maximum level reached : 2
LSMTREE >> key : 50 value : t maximum level reached : 0
LSMTREE >> key : 58 value : ab maximum level reached : 0
LSMTREE >> -----------------------------------
LSMTREE >> -------- DISPLAY SKIP LIST --------
LSMTREE >> SkipList max level 0 : 
LSMTREE >> key : -9223372036854775808 value : sentinel maximum level reached : 0
LSMTREE >> key : 16 value : p maximum level reached : 1
LSMTREE >> -----------------------------------
LSMTREE >> -------- DISPLAY SKIP LIST --------
LSMTREE >> SkipList max level 0 : 
LSMTREE >> key : -9223372036854775808 value : sentinel maximum level reached : 0
LSMTREE >> key : 16 value : p maximum level reached : 1
LSMTREE >> key : 29 value : ac maximum level reached : 1
LSMTREE >> -----------------------------------
LSMTREE >> -------- DISPLAY SKIP LIST --------
LSMTREE >> SkipList max level 0 : 
LSMTREE >> key : -9223372036854775808 value : sentinel maximum level reached : 0
LSMTREE >> key : 16 value : p maximum level reached : 1
LSMTREE >> key : 29 value : ac maximum level reached : 1
LSMTREE >> key : 60 value : ad maximum level reached : 3
LSMTREE >> -----------------------------------
LSMTREE >> -------- DISPLAY SKIP LIST --------
LSMTREE >> SkipList max level 0 : 
LSMTREE >> key : -9223372036854775808 value : sentinel maximum level reached : 0
LSMTREE >> key : 8 value : h maximum level reached : 0
LSMTREE >> key : 16 value : p maximum level reached : 1
LSMTREE >> key : 29 value : ac maximum level reached : 1
LSMTREE >> key : 60 value : ad maximum level reached : 3
LSMTREE >> -----------------------------------
LSMTREE >> -------- DISPLAY SKIP LIST --------
LSMTREE >> SkipList max level 0 : 
LSMTREE >> key : -9223372036854775808 value : sentinel maximum level reached : 0
LSMTREE >> key : 8 value : h maximum level reached : 0
LSMTREE >> key : 16 value : p maximum level reached : 1
LSMTREE >> key : 24 value : x maximum level reached : 2
LSMTREE >> key : 29 value : ac maximum level reached : 1
LSMTREE >> key : 60 value : ad maximum level reached : 3
LSMTREE >> -----------------------------------
LSMTREE >> -------- DISPLAY SKIP LIST --------
LSMTREE >> SkipList max level 0 : 
LSMTREE >> key : -9223372036854775808 value : sentinel maximum level reached : 0
LSMTREE >> key : 8 value : h maximum level reached : 0
LSMTREE >> key : 16 value : p maximum level reached : 1
LSMTREE >> key : 24 value : x maximum level reached : 2
LSMTREE >> key : 29 value : ac maximum level reached : 1
LSMTREE >> key : 31 value : a maximum level reached : 0
LSMTREE >> key : 60 value : ad maximum level reached : 3
LSMTREE >> -----------------------------------
LSMTREE >> -------- DISPLAY SKIP LIST --------
LSMTREE >> SkipList max level 0 : 
LSMTREE >> key : -9223372036854775808 value : sentinel maximum level reached : 0
LSMTREE >> key : 8 value : h maximum level reached : 0
LSMTREE >> key : 16 value : p maximum level reached : 1
LSMTREE >> key : 24 value : x maximum level reached : 2
LSMTREE >> key : 29 value : ac maximum level reached : 1
LSMTREE >> key : 31 value : a maximum level reached : 0
LSMTREE >> key : 37 value : g maximum level reached : 0
LSMTREE >> key : 60 value : ad maximum level reached : 3
LSMTREE >> -----------------------------------
LSMTREE >> -------- DISPLAY SKIP LIST --------
LSMTREE >> SkipList max level 0 : 
LSMTREE >> key : -9223372036854775808 value : sentinel maximum level reached : 0
LSMTREE >> key : 8 value : h maximum level reached : 0
LSMTREE >> key : 16 value : p maximum level reached : 1
LSMTREE >> key : 24 value : x maximum level reached : 2
LSMTREE >> key : 29 value : ac maximum level reached : 1
LSMTREE >> key : 31 value : a maximum level reached : 0
LSMTREE >> key : 37 value : g maximum level reached : 0
LSMTREE >> key : 45 value : o maximum level reached : 0
LSMTREE >> key : 60 value : ad maximum level reached : 3
LSMTREE >> -----------------------------------
LSMTREE >> -------- DISPLAY SKIP LIST --------
LSMTREE >> SkipList max level 0 : 
LSMTREE >> key : -9223372036854775808 value : sentinel maximum level reached : 0
LSMTREE >> key : 8 value : h maximum level reached : 0
LSMTREE >> key : 16 value : p maximum level reached : 1
LSMTREE >> key : 24 value : x maximum level reached : 2
LSMTREE >> key : 29 value : ac maximum level reached : 1
LSMTREE >> key : 31 value : a maximum level reached : 0
LSMTREE >> key : 37 value : g maximum level reached : 0
LSMTREE >> key : 45 value : o maximum level reached : 0
LSMTREE >> key : 51 value : u maximum level reached : 0
LSMTREE >> key : 60 value : ad maximum level reached : 3
LSMTREE >> -----------------------------------
LSMTREE >> -------- DISPLAY SKIP LIST --------
LSMTREE >> SkipList max level 0 : 
LSMTREE >> key : -9223372036854775808 value : sentinel maximum level reached : 0
LSMTREE >> key : 8 value : h maximum level reached : 0
LSMTREE >> key : 16 value : p maximum level reached : 1
LSMTREE >> key : 20 value : t maximum level reached : 0
LSMTREE >> key : 24 value : x maximum level reached : 2
LSMTREE >> key : 29 value : ac maximum level reached : 1
LSMTREE >> key : 31 value : a maximum level reached : 0
LSMTREE >> key : 37 value : g maximum level reached : 0
LSMTREE >> key : 45 value : o maximum level reached : 0
LSMTREE >> key : 51 value : u maximum level reached : 0
LSMTREE >> key : 60 value : ad maximum level reached : 3
LSMTREE >> -----------------------------------
LSMTREE >> -------- DISPLAY SKIP LIST --------
LSMTREE >> SkipList max level 0 : 
LSMTREE >> key : -9223372036854775808 value : sentinel maximum level reached : 0
LSMTREE >> key : 22 value : v maximum level reached : 0
LSMTREE >> -----------------------------------
LSMTREE >> -------- DISPLAY SKIP LIST --------
LSMTREE >> SkipList max level 0 : 
LSMTREE >> key : -9223372036854775808 value : sentinel maximum level reached : 0
LSMTREE >> key : 22 value : v maximum level reached : 0
LSMTREE >> key : 36 value : f maximum level reached : 3
LSMTREE >> -----------------------------------
LSMTREE >> -------- DISPLAY SKIP LIST --------
LSMTREE >> SkipList max level 0 : 
LSMTREE >> key : -9223372036854775808 value : sentinel maximum level reached : 0
LSMTREE >> key : 22 value : v maximum level reached : 0
LSMTREE >> key : 36 value : f maximum level reached : 3
LSMTREE >> key : 48 value : r maximum level reached : 2
LSMTREE >> -----------------------------------
LSMTREE >> -------- DISPLAY SKIP LIST --------
LSMTREE >> SkipList max level 0 : 
LSMTREE >> key : -9223372036854775808 value : sentinel maximum level reached : 0
LSMTREE >> key : 5 value : e maximum level reached : 0
LSMTREE >> key : 22 value : v maximum level reached : 0
LSMTREE >> key : 36 value : f maximum level reached : 3
LSMTREE >> key : 48 value : r maximum level reached : 2
LSMTREE >> -----------------------------------
LSMTREE >> -------- DISPLAY SKIP LIST --------
LSMTREE >> SkipList max level 0 : 
LSMTREE >> key : -9223372036854775808 value : sentinel maximum level reached : 0
LSMTREE >> key : 5 value : e maximum level reached : 0
LSMTREE >> key : 18 value : r maximum level reached : 1
LSMTREE >> key : 22 value : v maximum level reached : 0
LSMTREE >> key : 36 value : f maximum level reached : 3
LSMTREE >> key : 48 value : r maximum level reached : 2
LSMTREE >> -----------------------------------
LSMTREE >> -------- DISPLAY SKIP LIST --------
LSMTREE >> SkipList max level 0 : 
LSMTREE >> key : -9223372036854775808 value : sentinel maximum level reached : 0
LSMTREE >> key : 5 value : e maximum level reached : 0
LSMTREE >> key : 18 value : r maximum level reached : 1
LSMTREE >> key : 22 value : v maximum level reached : 0
LSMTREE >> key : 30 value : ad maximum level reached : 4
LSMTREE >> key : 36 value : f maximum level reached : 3
LSMTREE >> key : 48 value : r maximum level reached : 2
LSMTREE >> -----------------------------------
LSMTREE >> -------- DISPLAY SKIP LIST --------
LSMTREE >> SkipList max level 0 : 
LSMTREE >> key : -9223372036854775808 value : sentinel maximum level reached : 0
LSMTREE >> key : 5 value : e maximum level reached : 0
LSMTREE >> key : 18 value : r maximum level reached : 1
LSMTREE >> key : 22 value : v maximum level reached : 0
LSMTREE >> key : 30 value : ad maximum level reached : 4
LSMTREE >> key : 35 value : e maximum level reached : 2
LSMTREE >> key : 36 value : f maximum level reached : 3
LSMTREE >> key : 48 value : r maximum level reached : 2
LSMTREE >> -----------------------------------
LSMTREE >> -------- DISPLAY SKIP LIST --------
LSMTREE >> SkipList max level 0 : 
LSMTREE >> key : -9223372036854775808 value : sentinel maximum level reached : 0
LSMTREE >> key : 5 value : e maximum level reached : 0
LSMTREE >> key : 18 value : r maximum level reached : 1
LSMTREE >> key : 22 value : v maximum level reached : 0
LSMTREE >> key : 30 value : ad maximum level reached : 4
LSMTREE >> key : 35 value : e maximum level reached : 2
LSMTREE >> key : 36 value : f maximum level reached : 3
LSMTREE >> key : 42 value : l maximum level reached : 2
LSMTREE >> key : 48 value : r maximum level reached : 2
LSMTREE >> -----------------------------------
LSMTREE >> -------- DISPLAY SKIP LIST --------
LSMTREE >> SkipList max level 0 : 
LSMTREE >> key : -9223372036854775808 value : sentinel maximum level reached : 0
LSMTREE >> key : 5 value : e maximum level reached : 0
LSMTREE >> key : 18 value : r maximum level reached : 1
LSMTREE >> key : 22 value : v maximum level reached : 0
LSMTREE >> key : 30 value : ad maximum level reached : 4
LSMTREE >> key : 35 value : e maximum level reached : 2
LSMTREE >> key : 36 value : f maximum level reached : 3
LSMTREE >> key : 42 value : l maximum level reached : 2
LSMTREE >> key : 44 value : n maximum level reached : 0
LSMTREE >> key : 48 value : r maximum level reached : 2
LSMTREE >> -----------------------------------
LSMTREE >> -------- DISPLAY SKIP LIST --------
LSMTREE >> SkipList max level 0 : 
LSMTREE >> key : -9223372036854775808 value : sentinel maximum level reached : 0
LSMTREE >> key : 5 value : e maximum level reached : 0
LSMTREE >> key : 18 value : r maximum level reached : 1
LSMTREE >> key : 22 value : v maximum level reached : 0
LSMTREE >> key : 30 value : ad maximum level reached : 4
LSMTREE >> key : 35 value : e maximum level reached : 2
LSMTREE >> key : 36 value : f maximum level reached : 3
LSMTREE >> key : 42 value : l maximum level reached : 2
LSMTREE >> key : 44 value : n maximum level reached : 0
LSMTREE >> key : 48 value : r maximum level reached : 2
LSMTREE >> key : 59 value : ac maximum level reached : 0
LSMTREE >> -----------------------------------
